This is pdfTeXk, Version 3.141592-1.40.3 (Web2C 7.5.6) (format=pdfetex 2008.5.26)  12 OCT 2008 18:46
entering extended mode
 file:line:error style messages enabled.
 %&-line parsing enabled.
**\nonstopmode \input ./../../doc/or1ksim.texi
(./../../doc/or1ksim.texi
(/home/jeremy/partners/OpenCores/cvstrees/or1k/or1ksim/doc/texinfo.tex
Loading texinfo [version 2007-12-02.17]:
\bindingoffset=\dimen16
\normaloffset=\dimen17
\pagewidth=\dimen18
\pageheight=\dimen19
\outerhsize=\dimen20
\outervsize=\dimen21
\cornerlong=\dimen22
\cornerthick=\dimen23
\topandbottommargin=\dimen24
\headlinebox=\box16
\footlinebox=\box17
\margin=\insert252
\EMsimple=\toks13
\groupbox=\box18
\groupinvalidhelp=\toks14
\mil=\dimen25
\exdentamount=\skip18
\inmarginspacing=\skip19
 pdf,
\tempnum=\count27
\lnkcount=\count28
\filename=\toks15
\filenamelength=\count29
\pgn=\count30
\toksA=\toks16
\toksB=\toks17
\toksC=\toks18
\toksD=\toks19
\boxA=\box19
\countA=\count31
\nopdfimagehelp=\toks20
 fonts,
\sffam=\fam8
\textleading=\dimen26
\fontdepth=\count32
 page headings,
\titlepagetopglue=\skip20
\titlepagebottomglue=\skip21
\evenheadline=\toks21
\oddheadline=\toks22
\evenfootline=\toks23
\oddfootline=\toks24
 tables,
\tableindent=\dimen27
\itemindent=\dimen28
\itemmargin=\dimen29
\itemmax=\dimen30
\itemno=\count33
\multitableparskip=\skip22
\multitableparindent=\skip23
\multitablecolspace=\dimen31
\multitablelinespace=\skip24
\colcount=\count34
\everytab=\toks25

conditionals,
\doignorecount=\count35
 indexing,
\whatsitskip=\skip25
\whatsitpenalty=\count36
\secondaryindent=\skip26
\partialpage=\box20
\doublecolumnhsize=\dimen32
 sectioning,
\unnumberedno=\count37
\chapno=\count38
\secno=\count39
\subsecno=\count40
\subsubsecno=\count41
\appendixno=\count42
\absseclevel=\count43
\secbase=\count44
\chapheadingskip=\skip27
\secheadingskip=\skip28
\subsecheadingskip=\skip29
 toc,
\tocfile=\write0
\contentsrightmargin=\skip30
\savepageno=\count45
\lastnegativepageno=\count46
\tocindent=\dimen33
 environments,
\errorbox=\box21
\lispnarrowing=\skip31
\envskipamount=\skip32
\circthick=\dimen34
\cartouter=\dimen35
\cartinner=\dimen36
\normbskip=\skip33
\normpskip=\skip34
\normlskip=\skip35
\lskip=\skip36
\rskip=\skip37
\tabw=\dimen37
 defuns,
\defbodyindent=\skip38
\defargsindent=\skip39
\deflastargmargin=\skip40
\defunpenalty=\count47
\parencount=\count48
\brackcount=\count49
 macros,
\paramno=\count50
\macname=\toks26

cross references,
\auxfile=\write1
\savesfregister=\count51
 insertions,
\footnoteno=\count52
\SAVEfootins=\box22
\SAVEmargin=\box23
 (/usr/share/texmf/tex/generic/epsf/epsf.tex
This is `epsf.tex' v2.7.3 <23 July 2005>
\epsffilein=\read1
\epsfframemargin=\dimen38
\epsfframethickness=\dimen39
\epsfrsize=\dimen40
\epsftmp=\dimen41
\epsftsize=\dimen42
\epsfxsize=\dimen43
\epsfysize=\dimen44
\pspoints=\dimen45
)
\noepsfhelp=\toks27
 localization,
\nolanghelp=\toks28
\countUTFx=\count53
\countUTFy=\count54
\countUTFz=\count55
 formatting,
\defaultparindent=\dimen46
 and turning on texinfo input format.)
(./or1ksim.aux)
\openout1 = `or1ksim.aux'.

@cpindfile=@write2
@fnindfile=@write3
@vrindfile=@write4
@tpindfile=@write5
@kyindfile=@write6
@pgindfile=@write7

(/home/jeremy/partners/OpenCores/cvstrees/or1k/or1ksim/doc/version.texi)
(/home/jeremy/partners/OpenCores/cvstrees/or1k/or1ksim/doc/config.texi)
[1
\openout2 = `or1ksim.cp'.

\openout3 = `or1ksim.fn'.

\openout4 = `or1ksim.vr'.

\openout5 = `or1ksim.tp'.

\openout6 = `or1ksim.ky'.

\openout7 = `or1ksim.pg'.

{/var/lib/texmf/fonts/map/pdftex/updmap/pdftex.map}] [2] (./or1ksim.toc
[-1]) [-2] (./or1ksim.toc) (./or1ksim.toc) (Scope of this Document)
\openout0 = `or1ksim.toc'.

 Chapter 1
[1] Chapter 2 [2] [3] [4] [5] Chapter 3 [6] [7] [8]
Underfull \hbox (badness 2042) in paragraph at lines 742--745
 []@textrm Filename for the ex-e-cu-tion log file-name if @texttt exe_log[] @te
xtrm is en-abled. De-fault

@hbox(7.60416+2.43333)x455.24408, glue set 2.7363
.@glue(@leftskip) 57.81621
.@hbox(0.0+0.0)x0.0
.@textrm F
.@textrm i
.@textrm l
.etc.

[9] [10] [11] [12] [13] [14] [15] [16] [17] [18] [19] [20] [21] [22] [23]
[24] [25] Chapter 4 [26] [27] [28] Chapter 5 [29]
Underfull \hbox (badness 2865) in paragraph at lines 2740--2746
 @textrm DMA[][]Although the DMA unit sup-ports a base VAPI ID in its con-fig-u
-ra-tion

@hbox(7.60416+2.12917)x455.24408, glue set 3.06313
.@glue(@leftskip) 57.81621
.@penalty 10000
.@kern -57.81621
.@textrm D
.@textrm M
.etc.

[30] Chapter 6 [31]
Underfull \hbox (badness 10000) in paragraph at lines 2843--2846
 []@textrm Code should fol-low the GNU cod-ing stan-dard for C

@hbox(7.60416+2.12917)x455.24408, glue set 10.26717
.@glue(@leftskip) 57.81621
.@hbox(0.0+0.0)x0.0
.@textrm C
.@textrm o
.@kern0.30417
.etc.


Underfull \hbox (badness 7944) in paragraph at lines 2843--2846
 @textrm ([][]@texttt http://www.gnu.org/prep/standards/[][][]@textrm . If in d
oubt, put your code

@hbox(8.2125+2.73749)x455.24408, glue set 4.30139
.@glue(@leftskip) 57.81621
.@textrm (
.@pdfliteral{0.28 1 1 0.35 k}
.@pdflink(*+*)x* attr{/Border [0 0 0]} action user{/Subtype /Link /A << /S /URI
 /URI (http://www.gnu.org/prep/standards/@ETC.}

[32]
Underfull \hbox (badness 4927) in paragraph at lines 3017--3021
 [][]@textrm The pro-grammable in-ter-rupt con-troller, de-fined in [][] (see

@hbox(8.2125+2.73749)x455.24408, glue set 3.66742
.@glue(@leftskip) 79.49742
.@hbox(4.86667+0.0)x0.0, glue set - 12.70244fil
..@glue 0.0 plus 1.0fil minus 1.0fil
..@mathon
..@textsy ^^O
..@mathoff
..@kern 7.22743
.@write2{\entry{config.pic}{@folio }{@code {config.pic}}}
.@textrm T
.@textrm h
.etc.

[33] Chapter 7 [34]
(/home/jeremy/partners/OpenCores/cvstrees/or1k/or1ksim/doc/fdl-1.2.texi
[35] [36] [37] [38] [39] [40]) (Index) [41] (./or1ksim.cps [42] [43] [44]
[45]) [46] ) 
Here is how much of TeX's memory you used:
 1959 strings out of 97158
 25747 string characters out of 1208500
 89105 words of memory out of 1500000
 2948 multiletter control sequences out of 10000+50000
 32127 words of font info for 112 fonts, out of 1200000 for 2000
 51 hyphenation exceptions out of 8191
 15i,6n,17p,436b,504s stack positions out of 5000i,500n,6000p,200000b,10000s
</usr/share/texmf/fonts/type1/bluesky/cm/cmb10.pfb></usr/share/texm
f/fonts/type1/bluesky/cm/cmbx12.pfb></usr/share/texmf/fonts/type1/bluesky/cm/cm
csc10.pfb></usr/share/texmf/fonts/type1/bluesky/cm/cmmi10.pfb></usr/share/texmf
/fonts/type1/bluesky/cm/cmmi12.pfb></usr/share/texmf/fonts/type1/bluesky/cm/cmm
i7.pfb></usr/share/texmf/fonts/type1/bluesky/cm/cmmi9.pfb></usr/share/texmf/fon
ts/type1/bluesky/cm/cmr10.pfb></usr/share/texmf/fonts/type1/bluesky/cm/cmr9.pfb
></usr/share/texmf/fonts/type1/bluesky/cm/cmsl10.pfb></usr/share/texmf/fonts/ty
pe1/bluesky/cm/cmsltt10.pfb></usr/share/texmf/fonts/type1/bluesky/cm/cmss10.pfb
></usr/share/texmf/fonts/type1/bluesky/cm/cmsy10.pfb></usr/share/texmf/fonts/ty
pe1/bluesky/cm/cmti10.pfb></usr/share/texmf/fonts/type1/bluesky/cm/cmtt10.pfb><
/usr/share/texmf/fonts/type1/bluesky/cm/cmtt9.pfb>
Output written on or1ksim.pdf (50 pages, 383895 bytes).
PDF statistics:
 1047 PDF objects out of 1200 (max. 8388607)
 93 named destinations out of 1000 (max. 131072)
 373 words of extra memory for PDF output out of 10000 (max. 10000000)

