This file contains any messages produced by compilers while
running configure, to aid debugging if configure makes a mistake.

It was created by or1ksim configure 0.3.0rc1, which was
generated by GNU Autoconf 2.61.  Invocation command line was

  $ ../configure --target=or32-uclinux --prefix=/opt/or1ksim target_alias=or32-uclinux --no-create --no-recursion

## --------- ##
## Platform. ##
## --------- ##

hostname = thomas
uname -m = i686
uname -r = 2.6.26.3-29.fc9.i686
uname -s = Linux
uname -v = #1 SMP Wed Sep 3 03:42:27 EDT 2008

/usr/bin/uname -p = unknown
/bin/uname -X     = unknown

/bin/arch              = i686
/usr/bin/arch -k       = unknown
/usr/convex/getsysinfo = unknown
/usr/bin/hostinfo      = unknown
/bin/machine           = unknown
/usr/bin/oslevel       = unknown
/bin/universe          = unknown

PATH: /opt/pan/bin
PATH: /opt/ghostscript/bin
PATH: /opt/or1ksim/bin
PATH: /opt/or32/bin
PATH: /opt/verilator/bin
PATH: /opt/real/RealPlayer
PATH: /opt/pan/bin
PATH: /opt/ghostscript/bin
PATH: /opt/or1ksim/bin
PATH: /opt/or32/bin
PATH: /opt/verilator/bin
PATH: /opt/real/RealPlayer
PATH: /usr/lib/qt-3.3/bin
PATH: /usr/kerberos/bin
PATH: /usr/lib/ccache
PATH: /usr/local/bin
PATH: /usr/bin
PATH: /bin
PATH: /home/jeremy/bin
PATH: /opt/kdewebdev/bin
PATH: /home/jeremy/bin
PATH: /opt/kdewebdev/bin


## ----------- ##
## Core tests. ##
## ----------- ##

configure:2006: checking build system type
configure:2024: result: i686-pc-linux-gnu
configure:2046: checking host system type
configure:2061: result: i686-pc-linux-gnu
configure:2083: checking target system type
configure:2098: result: or32-unknown-uclinux
configure:2246: checking for gcc
configure:2262: found /usr/lib/ccache/gcc
configure:2273: result: gcc
configure:2511: checking for C compiler version
configure:2518: gcc --version >&5
gcc (GCC) 4.3.0 20080428 (Red Hat 4.3.0-8)
Copyright (C) 2008 Free Software Foundation, Inc.
This is free software; see the source for copying conditions.  There is NO
warranty; not even for MERCHANTABILITY or FITNESS FOR A PARTICULAR PURPOSE.

configure:2521: $? = 0
configure:2528: gcc -v >&5
Using built-in specs.
Target: i386-redhat-linux
Configured with: ../configure --prefix=/usr --mandir=/usr/share/man --infodir=/usr/share/info --with-bugurl=http://bugzilla.redhat.com/bugzilla --enable-bootstrap --enable-shared --enable-threads=posix --enable-checking=release --with-system-zlib --enable-__cxa_atexit --disable-libunwind-exceptions --enable-languages=c,c++,objc,obj-c++,java,fortran,ada --enable-java-awt=gtk --disable-dssi --enable-plugin --with-java-home=/usr/lib/jvm/java-1.5.0-gcj-1.5.0.0/jre --enable-libgcj-multifile --enable-java-maintainer-mode --with-ecj-jar=/usr/share/java/eclipse-ecj.jar --disable-libjava-multilib --with-cpu=generic --build=i386-redhat-linux
Thread model: posix
gcc version 4.3.0 20080428 (Red Hat 4.3.0-8) (GCC) 
configure:2531: $? = 0
configure:2538: gcc -V >&5
gcc: '-V' option must have argument
configure:2541: $? = 1
configure:2564: checking for C compiler default output file name
configure:2591: gcc    conftest.c  >&5
configure:2594: $? = 0
configure:2632: result: a.out
configure:2649: checking whether the C compiler works
configure:2659: ./a.out
configure:2662: $? = 0
configure:2679: result: yes
configure:2686: checking whether we are cross compiling
configure:2688: result: no
configure:2691: checking for suffix of executables
configure:2698: gcc -o conftest    conftest.c  >&5
configure:2701: $? = 0
configure:2725: result: 
configure:2731: checking for suffix of object files
configure:2757: gcc -c   conftest.c >&5
configure:2760: $? = 0
configure:2783: result: o
configure:2787: checking whether we are using the GNU C compiler
configure:2816: gcc -c   conftest.c >&5
configure:2822: $? = 0
configure:2839: result: yes
configure:2844: checking whether gcc accepts -g
configure:2874: gcc -c -g  conftest.c >&5
configure:2880: $? = 0
configure:2979: result: yes
configure:2996: checking for gcc option to accept ISO C89
configure:3070: gcc  -c -g -O2  conftest.c >&5
configure:3076: $? = 0
configure:3099: result: none needed
configure:3117: checking for a sed that does not truncate output
configure:3173: result: /bin/sed
configure:3176: checking for grep that handles long lines and -e
configure:3250: result: /bin/grep
configure:3255: checking for egrep
configure:3333: result: /bin/grep -E
configure:3349: checking for ld used by gcc
configure:3416: result: /usr/bin/ld
configure:3425: checking if the linker (/usr/bin/ld) is GNU ld
configure:3440: result: yes
configure:3445: checking for /usr/bin/ld option to reload object files
configure:3452: result: -r
configure:3470: checking for BSD-compatible nm
configure:3519: result: /usr/bin/nm -B
configure:3523: checking whether ln -s works
configure:3527: result: yes
configure:3534: checking how to recognize dependent libraries
configure:3720: result: pass_all
configure:3962: checking how to run the C preprocessor
configure:4002: gcc -E  conftest.c
configure:4008: $? = 0
configure:4039: gcc -E  conftest.c
conftest.c:8:28: error: ac_nonexistent.h: No such file or directory
configure:4045: $? = 1
configure: failed program was:
| /* confdefs.h.  */
| #define PACKAGE_NAME "or1ksim"
| #define PACKAGE_TARNAME "or1ksim"
| #define PACKAGE_VERSION "0.3.0rc1"
| #define PACKAGE_STRING "or1ksim 0.3.0rc1"
| #define PACKAGE_BUGREPORT "openrisc@opencores.org"
| /* end confdefs.h.  */
| #include <ac_nonexistent.h>
configure:4078: result: gcc -E
configure:4107: gcc -E  conftest.c
configure:4113: $? = 0
configure:4144: gcc -E  conftest.c
conftest.c:8:28: error: ac_nonexistent.h: No such file or directory
configure:4150: $? = 1
configure: failed program was:
| /* confdefs.h.  */
| #define PACKAGE_NAME "or1ksim"
| #define PACKAGE_TARNAME "or1ksim"
| #define PACKAGE_VERSION "0.3.0rc1"
| #define PACKAGE_STRING "or1ksim 0.3.0rc1"
| #define PACKAGE_BUGREPORT "openrisc@opencores.org"
| /* end confdefs.h.  */
| #include <ac_nonexistent.h>
configure:4188: checking for ANSI C header files
configure:4218: gcc -c -g -O2  conftest.c >&5
configure:4224: $? = 0
configure:4323: gcc -o conftest -g -O2   conftest.c  >&5
configure:4326: $? = 0
configure:4332: ./conftest
configure:4335: $? = 0
configure:4352: result: yes
configure:4376: checking for sys/types.h
configure:4397: gcc -c -g -O2  conftest.c >&5
configure:4403: $? = 0
configure:4419: result: yes
configure:4376: checking for sys/stat.h
configure:4397: gcc -c -g -O2  conftest.c >&5
configure:4403: $? = 0
configure:4419: result: yes
configure:4376: checking for stdlib.h
configure:4397: gcc -c -g -O2  conftest.c >&5
configure:4403: $? = 0
configure:4419: result: yes
configure:4376: checking for string.h
configure:4397: gcc -c -g -O2  conftest.c >&5
configure:4403: $? = 0
configure:4419: result: yes
configure:4376: checking for memory.h
configure:4397: gcc -c -g -O2  conftest.c >&5
configure:4403: $? = 0
configure:4419: result: yes
configure:4376: checking for strings.h
configure:4397: gcc -c -g -O2  conftest.c >&5
configure:4403: $? = 0
configure:4419: result: yes
configure:4376: checking for inttypes.h
configure:4397: gcc -c -g -O2  conftest.c >&5
configure:4403: $? = 0
configure:4419: result: yes
configure:4376: checking for stdint.h
configure:4397: gcc -c -g -O2  conftest.c >&5
configure:4403: $? = 0
configure:4419: result: yes
configure:4376: checking for unistd.h
configure:4397: gcc -c -g -O2  conftest.c >&5
configure:4403: $? = 0
configure:4419: result: yes
configure:4446: checking dlfcn.h usability
configure:4463: gcc -c -g -O2  conftest.c >&5
configure:4469: $? = 0
configure:4483: result: yes
configure:4487: checking dlfcn.h presence
configure:4502: gcc -E  conftest.c
configure:4508: $? = 0
configure:4522: result: yes
configure:4555: checking for dlfcn.h
configure:4563: result: yes
configure:4634: checking for g++
configure:4650: found /usr/lib/ccache/g++
configure:4661: result: g++
configure:4692: checking for C++ compiler version
configure:4699: g++ --version >&5
g++ (GCC) 4.3.0 20080428 (Red Hat 4.3.0-8)
Copyright (C) 2008 Free Software Foundation, Inc.
This is free software; see the source for copying conditions.  There is NO
warranty; not even for MERCHANTABILITY or FITNESS FOR A PARTICULAR PURPOSE.

configure:4702: $? = 0
configure:4709: g++ -v >&5
Using built-in specs.
Target: i386-redhat-linux
Configured with: ../configure --prefix=/usr --mandir=/usr/share/man --infodir=/usr/share/info --with-bugurl=http://bugzilla.redhat.com/bugzilla --enable-bootstrap --enable-shared --enable-threads=posix --enable-checking=release --with-system-zlib --enable-__cxa_atexit --disable-libunwind-exceptions --enable-languages=c,c++,objc,obj-c++,java,fortran,ada --enable-java-awt=gtk --disable-dssi --enable-plugin --with-java-home=/usr/lib/jvm/java-1.5.0-gcj-1.5.0.0/jre --enable-libgcj-multifile --enable-java-maintainer-mode --with-ecj-jar=/usr/share/java/eclipse-ecj.jar --disable-libjava-multilib --with-cpu=generic --build=i386-redhat-linux
Thread model: posix
gcc version 4.3.0 20080428 (Red Hat 4.3.0-8) (GCC) 
configure:4712: $? = 0
configure:4719: g++ -V >&5
g++: '-V' option must have argument
configure:4722: $? = 1
configure:4725: checking whether we are using the GNU C++ compiler
configure:4754: g++ -c   conftest.cpp >&5
configure:4760: $? = 0
configure:4777: result: yes
configure:4782: checking whether g++ accepts -g
configure:4812: g++ -c -g  conftest.cpp >&5
configure:4818: $? = 0
configure:4917: result: yes
configure:4950: checking how to run the C++ preprocessor
configure:4986: g++ -E  conftest.cpp
configure:4992: $? = 0
configure:5023: g++ -E  conftest.cpp
conftest.cpp:19:28: error: ac_nonexistent.h: No such file or directory
configure:5029: $? = 1
configure: failed program was:
| /* confdefs.h.  */
| #define PACKAGE_NAME "or1ksim"
| #define PACKAGE_TARNAME "or1ksim"
| #define PACKAGE_VERSION "0.3.0rc1"
| #define PACKAGE_STRING "or1ksim 0.3.0rc1"
| #define PACKAGE_BUGREPORT "openrisc@opencores.org"
| #define STDC_HEADERS 1
| #define HAVE_SYS_TYPES_H 1
| #define HAVE_SYS_STAT_H 1
| #define HAVE_STDLIB_H 1
| #define HAVE_STRING_H 1
| #define HAVE_MEMORY_H 1
| #define HAVE_STRINGS_H 1
| #define HAVE_INTTYPES_H 1
| #define HAVE_STDINT_H 1
| #define HAVE_UNISTD_H 1
| #define HAVE_DLFCN_H 1
| /* end confdefs.h.  */
| #include <ac_nonexistent.h>
configure:5062: result: g++ -E
configure:5091: g++ -E  conftest.cpp
configure:5097: $? = 0
configure:5128: g++ -E  conftest.cpp
conftest.cpp:19:28: error: ac_nonexistent.h: No such file or directory
configure:5134: $? = 1
configure: failed program was:
| /* confdefs.h.  */
| #define PACKAGE_NAME "or1ksim"
| #define PACKAGE_TARNAME "or1ksim"
| #define PACKAGE_VERSION "0.3.0rc1"
| #define PACKAGE_STRING "or1ksim 0.3.0rc1"
| #define PACKAGE_BUGREPORT "openrisc@opencores.org"
| #define STDC_HEADERS 1
| #define HAVE_SYS_TYPES_H 1
| #define HAVE_SYS_STAT_H 1
| #define HAVE_STDLIB_H 1
| #define HAVE_STRING_H 1
| #define HAVE_MEMORY_H 1
| #define HAVE_STRINGS_H 1
| #define HAVE_INTTYPES_H 1
| #define HAVE_STDINT_H 1
| #define HAVE_UNISTD_H 1
| #define HAVE_DLFCN_H 1
| /* end confdefs.h.  */
| #include <ac_nonexistent.h>
configure:5227: checking for g77
configure:5257: result: no
configure:5227: checking for xlf
configure:5257: result: no
configure:5227: checking for f77
configure:5257: result: no
configure:5227: checking for frt
configure:5257: result: no
configure:5227: checking for pgf77
configure:5257: result: no
configure:5227: checking for cf77
configure:5257: result: no
configure:5227: checking for fort77
configure:5257: result: no
configure:5227: checking for fl32
configure:5257: result: no
configure:5227: checking for af77
configure:5257: result: no
configure:5227: checking for xlf90
configure:5257: result: no
configure:5227: checking for f90
configure:5257: result: no
configure:5227: checking for pgf90
configure:5257: result: no
configure:5227: checking for pghpf
configure:5257: result: no
configure:5227: checking for epcf90
configure:5257: result: no
configure:5227: checking for gfortran
configure:5243: found /usr/bin/gfortran
configure:5254: result: gfortran
configure:5284: checking for Fortran 77 compiler version
configure:5291: gfortran --version >&5
GNU Fortran (GCC) 4.3.0 20080428 (Red Hat 4.3.0-8)
Copyright (C) 2008 Free Software Foundation, Inc.

GNU Fortran comes with NO WARRANTY, to the extent permitted by law.
You may redistribute copies of GNU Fortran
under the terms of the GNU General Public License.
For more information about these matters, see the file named COPYING

configure:5294: $? = 0
configure:5301: gfortran -v >&5
Using built-in specs.
Target: i386-redhat-linux
Configured with: ../configure --prefix=/usr --mandir=/usr/share/man --infodir=/usr/share/info --with-bugurl=http://bugzilla.redhat.com/bugzilla --enable-bootstrap --enable-shared --enable-threads=posix --enable-checking=release --with-system-zlib --enable-__cxa_atexit --disable-libunwind-exceptions --enable-languages=c,c++,objc,obj-c++,java,fortran,ada --enable-java-awt=gtk --disable-dssi --enable-plugin --with-java-home=/usr/lib/jvm/java-1.5.0-gcj-1.5.0.0/jre --enable-libgcj-multifile --enable-java-maintainer-mode --with-ecj-jar=/usr/share/java/eclipse-ecj.jar --disable-libjava-multilib --with-cpu=generic --build=i386-redhat-linux
Thread model: posix
gcc version 4.3.0 20080428 (Red Hat 4.3.0-8) (GCC) 
configure:5304: $? = 0
configure:5311: gfortran -V >&5
gfortran: '-V' option must have argument
configure:5314: $? = 1
configure:5322: checking whether we are using the GNU Fortran 77 compiler
configure:5341: gfortran -c  conftest.F >&5
configure:5347: $? = 0
configure:5364: result: yes
configure:5370: checking whether gfortran accepts -g
configure:5387: gfortran -c -g conftest.f >&5
configure:5393: $? = 0
configure:5409: result: yes
configure:5439: checking the maximum length of command line arguments
configure:5551: result: 1966080
configure:5563: checking command to parse /usr/bin/nm -B output from gcc object
configure:5668: gcc -c -g -O2  conftest.c >&5
configure:5671: $? = 0
configure:5675: /usr/bin/nm -B conftest.o \| sed -n -e 's/^.*[ 	]\([ABCDGIRSTW][ABCDGIRSTW]*\)[ 	][ 	]*\([_A-Za-z][_A-Za-z0-9]*\)$/\1 \2 \2/p' \> conftest.nm
configure:5678: $? = 0
configure:5730: gcc -o conftest -g -O2   conftest.c conftstm.o >&5
configure:5733: $? = 0
configure:5771: result: ok
configure:5775: checking for objdir
configure:5790: result: .libs
configure:5882: checking for ar
configure:5898: found /usr/bin/ar
configure:5909: result: ar
configure:5978: checking for ranlib
configure:5994: found /usr/bin/ranlib
configure:6005: result: ranlib
configure:6074: checking for strip
configure:6090: found /usr/bin/strip
configure:6101: result: strip
configure:6387: checking if gcc supports -fno-rtti -fno-exceptions
configure:6405: gcc -c -g -O2  -fno-rtti -fno-exceptions conftest.c >&5
cc1: warning: command line option "-fno-rtti" is valid for C++/ObjC++ but not for C
cc1: warning: command line option "-fno-rtti" is valid for C++/ObjC++ but not for C
configure:6409: $? = 0
configure:6422: result: no
configure:6437: checking for gcc option to produce PIC
configure:6669: result: -fPIC
configure:6677: checking if gcc PIC flag -fPIC works
configure:6695: gcc -c -g -O2  -fPIC -DPIC conftest.c >&5
configure:6699: $? = 0
configure:6712: result: yes
configure:6740: checking if gcc static flag -static works
configure:6768: result: yes
configure:6778: checking if gcc supports -c -o file.o
configure:6799: gcc -c -g -O2  -o out/conftest2.o conftest.c >&5
configure:6803: $? = 0
configure:6825: result: yes
configure:6851: checking whether the gcc linker (/usr/bin/ld) supports shared libraries
configure:7831: result: yes
configure:7852: checking whether -lc should be explicitly linked in
configure:7857: gcc -c -g -O2  conftest.c >&5
configure:7860: $? = 0
configure:7875: gcc -shared conftest.o  -v -Wl,-soname -Wl,conftest -o conftest 2\>\&1 \| grep  -lc  \>/dev/null 2\>\&1
configure:7878: $? = 0
configure:7890: result: no
configure:7898: checking dynamic linker characteristics
configure:8502: result: GNU/Linux ld.so
configure:8511: checking how to hardcode library paths into programs
configure:8536: result: immediate
configure:8550: checking whether stripping libraries is possible
configure:8555: result: yes
configure:9357: checking if libtool supports shared libraries
configure:9359: result: yes
configure:9362: checking whether to build shared libraries
configure:9383: result: yes
configure:9386: checking whether to build static libraries
configure:9390: result: yes
configure:9483: creating libtool
configure:10071: checking for ld used by g++
configure:10138: result: /usr/bin/ld
configure:10147: checking if the linker (/usr/bin/ld) is GNU ld
configure:10162: result: yes
configure:10213: checking whether the g++ linker (/usr/bin/ld) supports shared libraries
configure:11187: result: yes
configure:11205: g++ -c -g -O2  conftest.cpp >&5
configure:11208: $? = 0
configure:11360: checking for g++ option to produce PIC
configure:11644: result: -fPIC
configure:11652: checking if g++ PIC flag -fPIC works
configure:11670: g++ -c -g -O2  -fPIC -DPIC conftest.cpp >&5
configure:11674: $? = 0
configure:11687: result: yes
configure:11715: checking if g++ static flag -static works
configure:11743: result: yes
configure:11753: checking if g++ supports -c -o file.o
configure:11774: g++ -c -g -O2  -o out/conftest2.o conftest.cpp >&5
configure:11778: $? = 0
configure:11800: result: yes
configure:11826: checking whether the g++ linker (/usr/bin/ld) supports shared libraries
configure:11851: result: yes
configure:11918: checking dynamic linker characteristics
configure:12470: result: GNU/Linux ld.so
configure:12479: checking how to hardcode library paths into programs
configure:12504: result: immediate
configure:13038: checking if libtool supports shared libraries
configure:13040: result: yes
configure:13043: checking whether to build shared libraries
configure:13063: result: yes
configure:13066: checking whether to build static libraries
configure:13070: result: yes
configure:13080: checking for gfortran option to produce PIC
configure:13312: result: -fPIC
configure:13320: checking if gfortran PIC flag -fPIC works
configure:13338: gfortran -c -g -O2 -fPIC conftest.f >&5
configure:13342: $? = 0
configure:13355: result: yes
configure:13383: checking if gfortran static flag -static works
configure:13411: result: yes
configure:13421: checking if gfortran supports -c -o file.o
configure:13442: gfortran -c -g -O2 -o out/conftest2.o conftest.f >&5
configure:13446: $? = 0
configure:13468: result: yes
configure:13494: checking whether the gfortran linker (/usr/bin/ld) supports shared libraries
configure:14454: result: yes
configure:14521: checking dynamic linker characteristics
configure:15073: result: GNU/Linux ld.so
configure:15082: checking how to hardcode library paths into programs
configure:15107: result: immediate
configure:18694: checking for a BSD-compatible install
configure:18750: result: /usr/bin/install -c
configure:18761: checking whether build environment is sane
configure:18804: result: yes
configure:18832: checking for a thread-safe mkdir -p
configure:18871: result: /bin/mkdir -p
configure:18884: checking for gawk
configure:18900: found /usr/bin/gawk
configure:18911: result: gawk
configure:18922: checking whether make sets $(MAKE)
configure:18943: result: yes
configure:18973: checking for style of include used by make
configure:19001: result: GNU
configure:19194: checking dependency style of gcc
configure:19285: result: gcc3
configure:19302: checking dependency style of g++
configure:19393: result: gcc3
configure:19492: checking for gcc
configure:19519: result: gcc
configure:19757: checking for C compiler version
configure:19764: gcc --version >&5
gcc (GCC) 4.3.0 20080428 (Red Hat 4.3.0-8)
Copyright (C) 2008 Free Software Foundation, Inc.
This is free software; see the source for copying conditions.  There is NO
warranty; not even for MERCHANTABILITY or FITNESS FOR A PARTICULAR PURPOSE.

configure:19767: $? = 0
configure:19774: gcc -v >&5
Using built-in specs.
Target: i386-redhat-linux
Configured with: ../configure --prefix=/usr --mandir=/usr/share/man --infodir=/usr/share/info --with-bugurl=http://bugzilla.redhat.com/bugzilla --enable-bootstrap --enable-shared --enable-threads=posix --enable-checking=release --with-system-zlib --enable-__cxa_atexit --disable-libunwind-exceptions --enable-languages=c,c++,objc,obj-c++,java,fortran,ada --enable-java-awt=gtk --disable-dssi --enable-plugin --with-java-home=/usr/lib/jvm/java-1.5.0-gcj-1.5.0.0/jre --enable-libgcj-multifile --enable-java-maintainer-mode --with-ecj-jar=/usr/share/java/eclipse-ecj.jar --disable-libjava-multilib --with-cpu=generic --build=i386-redhat-linux
Thread model: posix
gcc version 4.3.0 20080428 (Red Hat 4.3.0-8) (GCC) 
configure:19777: $? = 0
configure:19784: gcc -V >&5
gcc: '-V' option must have argument
configure:19787: $? = 1
configure:19790: checking whether we are using the GNU C compiler
configure:19842: result: yes
configure:19847: checking whether gcc accepts -g
configure:19982: result: yes
configure:19999: checking for gcc option to accept ISO C89
configure:20102: result: none needed
configure:20121: checking whether gcc and cc understand -c and -o together
configure:20156: gcc -c conftest.c -o conftest2.o >&5
configure:20159: $? = 0
configure:20165: gcc -c conftest.c -o conftest2.o >&5
configure:20168: $? = 0
configure:20179: cc -c conftest.c >&5
configure:20182: $? = 0
configure:20190: cc -c conftest.c -o conftest2.o >&5
configure:20193: $? = 0
configure:20199: cc -c conftest.c -o conftest2.o >&5
configure:20202: $? = 0
configure:20220: result: yes
configure:20247: checking whether make sets $(MAKE)
configure:20268: result: yes
configure:20282: checking whether gcc needs -traditional
configure:20324: result: no
configure:20344: checking for a BSD-compatible install
configure:20400: result: /usr/bin/install -c
configure:20413: checking for ar
configure:20440: result: ar
configure:20464: checking return type of signal handlers
configure:20492: gcc -c -g -O2  conftest.c >&5
conftest.c: In function 'main':
conftest.c:29: error: void value not ignored as it ought to be
configure:20498: $? = 1
configure: failed program was:
| /* confdefs.h.  */
| #define PACKAGE_NAME "or1ksim"
| #define PACKAGE_TARNAME "or1ksim"
| #define PACKAGE_VERSION "0.3.0rc1"
| #define PACKAGE_STRING "or1ksim 0.3.0rc1"
| #define PACKAGE_BUGREPORT "openrisc@opencores.org"
| #define STDC_HEADERS 1
| #define HAVE_SYS_TYPES_H 1
| #define HAVE_SYS_STAT_H 1
| #define HAVE_STDLIB_H 1
| #define HAVE_STRING_H 1
| #define HAVE_MEMORY_H 1
| #define HAVE_STRINGS_H 1
| #define HAVE_INTTYPES_H 1
| #define HAVE_STDINT_H 1
| #define HAVE_UNISTD_H 1
| #define HAVE_DLFCN_H 1
| #define PACKAGE "or1ksim"
| #define VERSION "0.3.0rc1"
| #define OR32_TYPES 1
| #define _GNU_SOURCE 1
| /* end confdefs.h.  */
| #include <sys/types.h>
| #include <signal.h>
| 
| int
| main ()
| {
| return *(signal (0, 0)) (0) == 1;
|   ;
|   return 0;
| }
configure:20513: result: void
configure:20521: checking whether stat file-mode macros are broken
configure:20558: gcc -c -g -O2  conftest.c >&5
configure:20564: $? = 0
configure:20579: result: no
configure:20597: checking for dirent.h that defines DIR
configure:20626: gcc -c -g -O2  conftest.c >&5
configure:20632: $? = 0
configure:20648: result: yes
configure:20661: checking for library containing opendir
configure:20702: gcc -o conftest -g -O2   conftest.c  >&5
configure:20708: $? = 0
configure:20736: result: none required
configure:20840: checking for strcasecmp
configure:20896: gcc -o conftest -g -O2   conftest.c  >&5
conftest.c:48: warning: conflicting types for built-in function 'strcasecmp'
configure:20902: $? = 0
configure:20920: result: yes
configure:20840: checking for select
configure:20896: gcc -o conftest -g -O2   conftest.c  >&5
configure:20902: $? = 0
configure:20920: result: yes
configure:20840: checking for setenv
configure:20896: gcc -o conftest -g -O2   conftest.c  >&5
configure:20902: $? = 0
configure:20920: result: yes
configure:20840: checking for putenv
configure:20896: gcc -o conftest -g -O2   conftest.c  >&5
configure:20902: $? = 0
configure:20920: result: yes
configure:20840: checking for tcgetattr
configure:20896: gcc -o conftest -g -O2   conftest.c  >&5
configure:20902: $? = 0
configure:20920: result: yes
configure:20840: checking for setlocale
configure:20896: gcc -o conftest -g -O2   conftest.c  >&5
configure:20902: $? = 0
configure:20920: result: yes
configure:20840: checking for lstat
configure:20896: gcc -o conftest -g -O2   conftest.c  >&5
configure:20902: $? = 0
configure:20920: result: yes
configure:20939: checking for strndup
configure:20995: gcc -o conftest -g -O2   conftest.c  >&5
conftest.c:55: warning: conflicting types for built-in function 'strndup'
configure:21001: $? = 0
configure:21019: result: yes
configure:20939: checking for grantpt
configure:20995: gcc -o conftest -g -O2   conftest.c  >&5
configure:21001: $? = 0
configure:21019: result: yes
configure:20939: checking for unlockpt
configure:20995: gcc -o conftest -g -O2   conftest.c  >&5
configure:21001: $? = 0
configure:21019: result: yes
configure:20939: checking for ptsname
configure:20995: gcc -o conftest -g -O2   conftest.c  >&5
configure:21001: $? = 0
configure:21019: result: yes
configure:20939: checking for on_exit
configure:20995: gcc -o conftest -g -O2   conftest.c  >&5
configure:21001: $? = 0
configure:21019: result: yes
configure:20939: checking for isblank
configure:20995: gcc -o conftest -g -O2   conftest.c  >&5
conftest.c:60: warning: conflicting types for built-in function 'isblank'
configure:21001: $? = 0
configure:21019: result: yes
configure:21033: checking for basename
configure:21089: gcc -o conftest -g -O2   conftest.c  >&5
configure:21095: $? = 0
configure:21113: result: yes
configure:21123: checking for working strcoll
configure:21154: gcc -o conftest -g -O2   conftest.c  >&5
configure:21157: $? = 0
configure:21163: ./conftest
configure:21166: $? = 0
configure:21182: result: yes
configure:21192: checking for ANSI C header files
configure:21356: result: yes
configure:21395: checking for unistd.h
configure:21401: result: yes
configure:21395: checking for stdlib.h
configure:21401: result: yes
configure:21405: checking varargs.h usability
configure:21422: gcc -c -g -O2  conftest.c >&5
In file included from conftest.c:76:
/usr/lib/gcc/i386-redhat-linux/4.3.0/include/varargs.h:4:2: error: #error "GCC no longer implements <varargs.h>."
/usr/lib/gcc/i386-redhat-linux/4.3.0/include/varargs.h:5:2: error: #error "Revise your code to use <stdarg.h>."
configure:21428: $? = 1
configure: failed program was:
| /* confdefs.h.  */
| #define PACKAGE_NAME "or1ksim"
| #define PACKAGE_TARNAME "or1ksim"
| #define PACKAGE_VERSION "0.3.0rc1"
| #define PACKAGE_STRING "or1ksim 0.3.0rc1"
| #define PACKAGE_BUGREPORT "openrisc@opencores.org"
| #define STDC_HEADERS 1
| #define HAVE_SYS_TYPES_H 1
| #define HAVE_SYS_STAT_H 1
| #define HAVE_STDLIB_H 1
| #define HAVE_STRING_H 1
| #define HAVE_MEMORY_H 1
| #define HAVE_STRINGS_H 1
| #define HAVE_INTTYPES_H 1
| #define HAVE_STDINT_H 1
| #define HAVE_UNISTD_H 1
| #define HAVE_DLFCN_H 1
| #define PACKAGE "or1ksim"
| #define VERSION "0.3.0rc1"
| #define OR32_TYPES 1
| #define _GNU_SOURCE 1
| #define RETSIGTYPE void
| #define HAVE_DIRENT_H 1
| #define HAVE_STRCASECMP 1
| #define HAVE_SELECT 1
| #define HAVE_SETENV 1
| #define HAVE_PUTENV 1
| #define HAVE_TCGETATTR 1
| #define HAVE_SETLOCALE 1
| #define HAVE_LSTAT 1
| #define HAVE_STRNDUP 1
| #define HAVE_GRANTPT 1
| #define HAVE_UNLOCKPT 1
| #define HAVE_PTSNAME 1
| #define HAVE_ON_EXIT 1
| #define HAVE_ISBLANK 1
| #define HAVE_BASENAME 1
| #define HAVE_STRCOLL 1
| #define STDC_HEADERS 1
| #define HAVE_UNISTD_H 1
| #define HAVE_STDLIB_H 1
| /* end confdefs.h.  */
| #include <stdio.h>
| #ifdef HAVE_SYS_TYPES_H
| # include <sys/types.h>
| #endif
| #ifdef HAVE_SYS_STAT_H
| # include <sys/stat.h>
| #endif
| #ifdef STDC_HEADERS
| # include <stdlib.h>
| # include <stddef.h>
| #else
| # ifdef HAVE_STDLIB_H
| #  include <stdlib.h>
| # endif
| #endif
| #ifdef HAVE_STRING_H
| # if !defined STDC_HEADERS && defined HAVE_MEMORY_H
| #  include <memory.h>
| # endif
| # include <string.h>
| #endif
| #ifdef HAVE_STRINGS_H
| # include <strings.h>
| #endif
| #ifdef HAVE_INTTYPES_H
| # include <inttypes.h>
| #endif
| #ifdef HAVE_STDINT_H
| # include <stdint.h>
| #endif
| #ifdef HAVE_UNISTD_H
| # include <unistd.h>
| #endif
| #include <varargs.h>
configure:21442: result: no
configure:21446: checking varargs.h presence
configure:21461: gcc -E  conftest.c
In file included from conftest.c:43:
/usr/lib/gcc/i386-redhat-linux/4.3.0/include/varargs.h:4:2: error: #error "GCC no longer implements <varargs.h>."
/usr/lib/gcc/i386-redhat-linux/4.3.0/include/varargs.h:5:2: error: #error "Revise your code to use <stdarg.h>."
configure:21467: $? = 1
configure: failed program was:
| /* confdefs.h.  */
| #define PACKAGE_NAME "or1ksim"
| #define PACKAGE_TARNAME "or1ksim"
| #define PACKAGE_VERSION "0.3.0rc1"
| #define PACKAGE_STRING "or1ksim 0.3.0rc1"
| #define PACKAGE_BUGREPORT "openrisc@opencores.org"
| #define STDC_HEADERS 1
| #define HAVE_SYS_TYPES_H 1
| #define HAVE_SYS_STAT_H 1
| #define HAVE_STDLIB_H 1
| #define HAVE_STRING_H 1
| #define HAVE_MEMORY_H 1
| #define HAVE_STRINGS_H 1
| #define HAVE_INTTYPES_H 1
| #define HAVE_STDINT_H 1
| #define HAVE_UNISTD_H 1
| #define HAVE_DLFCN_H 1
| #define PACKAGE "or1ksim"
| #define VERSION "0.3.0rc1"
| #define OR32_TYPES 1
| #define _GNU_SOURCE 1
| #define RETSIGTYPE void
| #define HAVE_DIRENT_H 1
| #define HAVE_STRCASECMP 1
| #define HAVE_SELECT 1
| #define HAVE_SETENV 1
| #define HAVE_PUTENV 1
| #define HAVE_TCGETATTR 1
| #define HAVE_SETLOCALE 1
| #define HAVE_LSTAT 1
| #define HAVE_STRNDUP 1
| #define HAVE_GRANTPT 1
| #define HAVE_UNLOCKPT 1
| #define HAVE_PTSNAME 1
| #define HAVE_ON_EXIT 1
| #define HAVE_ISBLANK 1
| #define HAVE_BASENAME 1
| #define HAVE_STRCOLL 1
| #define STDC_HEADERS 1
| #define HAVE_UNISTD_H 1
| #define HAVE_STDLIB_H 1
| /* end confdefs.h.  */
| #include <varargs.h>
configure:21481: result: no
configure:21514: checking for varargs.h
configure:21522: result: no
configure:21405: checking stdarg.h usability
configure:21422: gcc -c -g -O2  conftest.c >&5
configure:21428: $? = 0
configure:21442: result: yes
configure:21446: checking stdarg.h presence
configure:21461: gcc -E  conftest.c
configure:21467: $? = 0
configure:21481: result: yes
configure:21514: checking for stdarg.h
configure:21522: result: yes
configure:21395: checking for string.h
configure:21401: result: yes
configure:21395: checking for strings.h
configure:21401: result: yes
configure:21405: checking sys/ptem.h usability
configure:21422: gcc -c -g -O2  conftest.c >&5
conftest.c:79:22: error: sys/ptem.h: No such file or directory
configure:21428: $? = 1
configure: failed program was:
| /* confdefs.h.  */
| #define PACKAGE_NAME "or1ksim"
| #define PACKAGE_TARNAME "or1ksim"
| #define PACKAGE_VERSION "0.3.0rc1"
| #define PACKAGE_STRING "or1ksim 0.3.0rc1"
| #define PACKAGE_BUGREPORT "openrisc@opencores.org"
| #define STDC_HEADERS 1
| #define HAVE_SYS_TYPES_H 1
| #define HAVE_SYS_STAT_H 1
| #define HAVE_STDLIB_H 1
| #define HAVE_STRING_H 1
| #define HAVE_MEMORY_H 1
| #define HAVE_STRINGS_H 1
| #define HAVE_INTTYPES_H 1
| #define HAVE_STDINT_H 1
| #define HAVE_UNISTD_H 1
| #define HAVE_DLFCN_H 1
| #define PACKAGE "or1ksim"
| #define VERSION "0.3.0rc1"
| #define OR32_TYPES 1
| #define _GNU_SOURCE 1
| #define RETSIGTYPE void
| #define HAVE_DIRENT_H 1
| #define HAVE_STRCASECMP 1
| #define HAVE_SELECT 1
| #define HAVE_SETENV 1
| #define HAVE_PUTENV 1
| #define HAVE_TCGETATTR 1
| #define HAVE_SETLOCALE 1
| #define HAVE_LSTAT 1
| #define HAVE_STRNDUP 1
| #define HAVE_GRANTPT 1
| #define HAVE_UNLOCKPT 1
| #define HAVE_PTSNAME 1
| #define HAVE_ON_EXIT 1
| #define HAVE_ISBLANK 1
| #define HAVE_BASENAME 1
| #define HAVE_STRCOLL 1
| #define STDC_HEADERS 1
| #define HAVE_UNISTD_H 1
| #define HAVE_STDLIB_H 1
| #define HAVE_STDARG_H 1
| #define HAVE_STRING_H 1
| #define HAVE_STRINGS_H 1
| /* end confdefs.h.  */
| #include <stdio.h>
| #ifdef HAVE_SYS_TYPES_H
| # include <sys/types.h>
| #endif
| #ifdef HAVE_SYS_STAT_H
| # include <sys/stat.h>
| #endif
| #ifdef STDC_HEADERS
| # include <stdlib.h>
| # include <stddef.h>
| #else
| # ifdef HAVE_STDLIB_H
| #  include <stdlib.h>
| # endif
| #endif
| #ifdef HAVE_STRING_H
| # if !defined STDC_HEADERS && defined HAVE_MEMORY_H
| #  include <memory.h>
| # endif
| # include <string.h>
| #endif
| #ifdef HAVE_STRINGS_H
| # include <strings.h>
| #endif
| #ifdef HAVE_INTTYPES_H
| # include <inttypes.h>
| #endif
| #ifdef HAVE_STDINT_H
| # include <stdint.h>
| #endif
| #ifdef HAVE_UNISTD_H
| # include <unistd.h>
| #endif
| #include <sys/ptem.h>
configure:21442: result: no
configure:21446: checking sys/ptem.h presence
configure:21461: gcc -E  conftest.c
conftest.c:46:22: error: sys/ptem.h: No such file or directory
configure:21467: $? = 1
configure: failed program was:
| /* confdefs.h.  */
| #define PACKAGE_NAME "or1ksim"
| #define PACKAGE_TARNAME "or1ksim"
| #define PACKAGE_VERSION "0.3.0rc1"
| #define PACKAGE_STRING "or1ksim 0.3.0rc1"
| #define PACKAGE_BUGREPORT "openrisc@opencores.org"
| #define STDC_HEADERS 1
| #define HAVE_SYS_TYPES_H 1
| #define HAVE_SYS_STAT_H 1
| #define HAVE_STDLIB_H 1
| #define HAVE_STRING_H 1
| #define HAVE_MEMORY_H 1
| #define HAVE_STRINGS_H 1
| #define HAVE_INTTYPES_H 1
| #define HAVE_STDINT_H 1
| #define HAVE_UNISTD_H 1
| #define HAVE_DLFCN_H 1
| #define PACKAGE "or1ksim"
| #define VERSION "0.3.0rc1"
| #define OR32_TYPES 1
| #define _GNU_SOURCE 1
| #define RETSIGTYPE void
| #define HAVE_DIRENT_H 1
| #define HAVE_STRCASECMP 1
| #define HAVE_SELECT 1
| #define HAVE_SETENV 1
| #define HAVE_PUTENV 1
| #define HAVE_TCGETATTR 1
| #define HAVE_SETLOCALE 1
| #define HAVE_LSTAT 1
| #define HAVE_STRNDUP 1
| #define HAVE_GRANTPT 1
| #define HAVE_UNLOCKPT 1
| #define HAVE_PTSNAME 1
| #define HAVE_ON_EXIT 1
| #define HAVE_ISBLANK 1
| #define HAVE_BASENAME 1
| #define HAVE_STRCOLL 1
| #define STDC_HEADERS 1
| #define HAVE_UNISTD_H 1
| #define HAVE_STDLIB_H 1
| #define HAVE_STDARG_H 1
| #define HAVE_STRING_H 1
| #define HAVE_STRINGS_H 1
| /* end confdefs.h.  */
| #include <sys/ptem.h>
configure:21481: result: no
configure:21514: checking for sys/ptem.h
configure:21522: result: no
configure:21405: checking sys/pte.h usability
configure:21422: gcc -c -g -O2  conftest.c >&5
conftest.c:79:21: error: sys/pte.h: No such file or directory
configure:21428: $? = 1
configure: failed program was:
| /* confdefs.h.  */
| #define PACKAGE_NAME "or1ksim"
| #define PACKAGE_TARNAME "or1ksim"
| #define PACKAGE_VERSION "0.3.0rc1"
| #define PACKAGE_STRING "or1ksim 0.3.0rc1"
| #define PACKAGE_BUGREPORT "openrisc@opencores.org"
| #define STDC_HEADERS 1
| #define HAVE_SYS_TYPES_H 1
| #define HAVE_SYS_STAT_H 1
| #define HAVE_STDLIB_H 1
| #define HAVE_STRING_H 1
| #define HAVE_MEMORY_H 1
| #define HAVE_STRINGS_H 1
| #define HAVE_INTTYPES_H 1
| #define HAVE_STDINT_H 1
| #define HAVE_UNISTD_H 1
| #define HAVE_DLFCN_H 1
| #define PACKAGE "or1ksim"
| #define VERSION "0.3.0rc1"
| #define OR32_TYPES 1
| #define _GNU_SOURCE 1
| #define RETSIGTYPE void
| #define HAVE_DIRENT_H 1
| #define HAVE_STRCASECMP 1
| #define HAVE_SELECT 1
| #define HAVE_SETENV 1
| #define HAVE_PUTENV 1
| #define HAVE_TCGETATTR 1
| #define HAVE_SETLOCALE 1
| #define HAVE_LSTAT 1
| #define HAVE_STRNDUP 1
| #define HAVE_GRANTPT 1
| #define HAVE_UNLOCKPT 1
| #define HAVE_PTSNAME 1
| #define HAVE_ON_EXIT 1
| #define HAVE_ISBLANK 1
| #define HAVE_BASENAME 1
| #define HAVE_STRCOLL 1
| #define STDC_HEADERS 1
| #define HAVE_UNISTD_H 1
| #define HAVE_STDLIB_H 1
| #define HAVE_STDARG_H 1
| #define HAVE_STRING_H 1
| #define HAVE_STRINGS_H 1
| /* end confdefs.h.  */
| #include <stdio.h>
| #ifdef HAVE_SYS_TYPES_H
| # include <sys/types.h>
| #endif
| #ifdef HAVE_SYS_STAT_H
| # include <sys/stat.h>
| #endif
| #ifdef STDC_HEADERS
| # include <stdlib.h>
| # include <stddef.h>
| #else
| # ifdef HAVE_STDLIB_H
| #  include <stdlib.h>
| # endif
| #endif
| #ifdef HAVE_STRING_H
| # if !defined STDC_HEADERS && defined HAVE_MEMORY_H
| #  include <memory.h>
| # endif
| # include <string.h>
| #endif
| #ifdef HAVE_STRINGS_H
| # include <strings.h>
| #endif
| #ifdef HAVE_INTTYPES_H
| # include <inttypes.h>
| #endif
| #ifdef HAVE_STDINT_H
| # include <stdint.h>
| #endif
| #ifdef HAVE_UNISTD_H
| # include <unistd.h>
| #endif
| #include <sys/pte.h>
configure:21442: result: no
configure:21446: checking sys/pte.h presence
configure:21461: gcc -E  conftest.c
conftest.c:46:21: error: sys/pte.h: No such file or directory
configure:21467: $? = 1
configure: failed program was:
| /* confdefs.h.  */
| #define PACKAGE_NAME "or1ksim"
| #define PACKAGE_TARNAME "or1ksim"
| #define PACKAGE_VERSION "0.3.0rc1"
| #define PACKAGE_STRING "or1ksim 0.3.0rc1"
| #define PACKAGE_BUGREPORT "openrisc@opencores.org"
| #define STDC_HEADERS 1
| #define HAVE_SYS_TYPES_H 1
| #define HAVE_SYS_STAT_H 1
| #define HAVE_STDLIB_H 1
| #define HAVE_STRING_H 1
| #define HAVE_MEMORY_H 1
| #define HAVE_STRINGS_H 1
| #define HAVE_INTTYPES_H 1
| #define HAVE_STDINT_H 1
| #define HAVE_UNISTD_H 1
| #define HAVE_DLFCN_H 1
| #define PACKAGE "or1ksim"
| #define VERSION "0.3.0rc1"
| #define OR32_TYPES 1
| #define _GNU_SOURCE 1
| #define RETSIGTYPE void
| #define HAVE_DIRENT_H 1
| #define HAVE_STRCASECMP 1
| #define HAVE_SELECT 1
| #define HAVE_SETENV 1
| #define HAVE_PUTENV 1
| #define HAVE_TCGETATTR 1
| #define HAVE_SETLOCALE 1
| #define HAVE_LSTAT 1
| #define HAVE_STRNDUP 1
| #define HAVE_GRANTPT 1
| #define HAVE_UNLOCKPT 1
| #define HAVE_PTSNAME 1
| #define HAVE_ON_EXIT 1
| #define HAVE_ISBLANK 1
| #define HAVE_BASENAME 1
| #define HAVE_STRCOLL 1
| #define STDC_HEADERS 1
| #define HAVE_UNISTD_H 1
| #define HAVE_STDLIB_H 1
| #define HAVE_STDARG_H 1
| #define HAVE_STRING_H 1
| #define HAVE_STRINGS_H 1
| /* end confdefs.h.  */
| #include <sys/pte.h>
configure:21481: result: no
configure:21514: checking for sys/pte.h
configure:21522: result: no
configure:21405: checking sys/stream.h usability
configure:21422: gcc -c -g -O2  conftest.c >&5
conftest.c:79:24: error: sys/stream.h: No such file or directory
configure:21428: $? = 1
configure: failed program was:
| /* confdefs.h.  */
| #define PACKAGE_NAME "or1ksim"
| #define PACKAGE_TARNAME "or1ksim"
| #define PACKAGE_VERSION "0.3.0rc1"
| #define PACKAGE_STRING "or1ksim 0.3.0rc1"
| #define PACKAGE_BUGREPORT "openrisc@opencores.org"
| #define STDC_HEADERS 1
| #define HAVE_SYS_TYPES_H 1
| #define HAVE_SYS_STAT_H 1
| #define HAVE_STDLIB_H 1
| #define HAVE_STRING_H 1
| #define HAVE_MEMORY_H 1
| #define HAVE_STRINGS_H 1
| #define HAVE_INTTYPES_H 1
| #define HAVE_STDINT_H 1
| #define HAVE_UNISTD_H 1
| #define HAVE_DLFCN_H 1
| #define PACKAGE "or1ksim"
| #define VERSION "0.3.0rc1"
| #define OR32_TYPES 1
| #define _GNU_SOURCE 1
| #define RETSIGTYPE void
| #define HAVE_DIRENT_H 1
| #define HAVE_STRCASECMP 1
| #define HAVE_SELECT 1
| #define HAVE_SETENV 1
| #define HAVE_PUTENV 1
| #define HAVE_TCGETATTR 1
| #define HAVE_SETLOCALE 1
| #define HAVE_LSTAT 1
| #define HAVE_STRNDUP 1
| #define HAVE_GRANTPT 1
| #define HAVE_UNLOCKPT 1
| #define HAVE_PTSNAME 1
| #define HAVE_ON_EXIT 1
| #define HAVE_ISBLANK 1
| #define HAVE_BASENAME 1
| #define HAVE_STRCOLL 1
| #define STDC_HEADERS 1
| #define HAVE_UNISTD_H 1
| #define HAVE_STDLIB_H 1
| #define HAVE_STDARG_H 1
| #define HAVE_STRING_H 1
| #define HAVE_STRINGS_H 1
| /* end confdefs.h.  */
| #include <stdio.h>
| #ifdef HAVE_SYS_TYPES_H
| # include <sys/types.h>
| #endif
| #ifdef HAVE_SYS_STAT_H
| # include <sys/stat.h>
| #endif
| #ifdef STDC_HEADERS
| # include <stdlib.h>
| # include <stddef.h>
| #else
| # ifdef HAVE_STDLIB_H
| #  include <stdlib.h>
| # endif
| #endif
| #ifdef HAVE_STRING_H
| # if !defined STDC_HEADERS && defined HAVE_MEMORY_H
| #  include <memory.h>
| # endif
| # include <string.h>
| #endif
| #ifdef HAVE_STRINGS_H
| # include <strings.h>
| #endif
| #ifdef HAVE_INTTYPES_H
| # include <inttypes.h>
| #endif
| #ifdef HAVE_STDINT_H
| # include <stdint.h>
| #endif
| #ifdef HAVE_UNISTD_H
| # include <unistd.h>
| #endif
| #include <sys/stream.h>
configure:21442: result: no
configure:21446: checking sys/stream.h presence
configure:21461: gcc -E  conftest.c
conftest.c:46:24: error: sys/stream.h: No such file or directory
configure:21467: $? = 1
configure: failed program was:
| /* confdefs.h.  */
| #define PACKAGE_NAME "or1ksim"
| #define PACKAGE_TARNAME "or1ksim"
| #define PACKAGE_VERSION "0.3.0rc1"
| #define PACKAGE_STRING "or1ksim 0.3.0rc1"
| #define PACKAGE_BUGREPORT "openrisc@opencores.org"
| #define STDC_HEADERS 1
| #define HAVE_SYS_TYPES_H 1
| #define HAVE_SYS_STAT_H 1
| #define HAVE_STDLIB_H 1
| #define HAVE_STRING_H 1
| #define HAVE_MEMORY_H 1
| #define HAVE_STRINGS_H 1
| #define HAVE_INTTYPES_H 1
| #define HAVE_STDINT_H 1
| #define HAVE_UNISTD_H 1
| #define HAVE_DLFCN_H 1
| #define PACKAGE "or1ksim"
| #define VERSION "0.3.0rc1"
| #define OR32_TYPES 1
| #define _GNU_SOURCE 1
| #define RETSIGTYPE void
| #define HAVE_DIRENT_H 1
| #define HAVE_STRCASECMP 1
| #define HAVE_SELECT 1
| #define HAVE_SETENV 1
| #define HAVE_PUTENV 1
| #define HAVE_TCGETATTR 1
| #define HAVE_SETLOCALE 1
| #define HAVE_LSTAT 1
| #define HAVE_STRNDUP 1
| #define HAVE_GRANTPT 1
| #define HAVE_UNLOCKPT 1
| #define HAVE_PTSNAME 1
| #define HAVE_ON_EXIT 1
| #define HAVE_ISBLANK 1
| #define HAVE_BASENAME 1
| #define HAVE_STRCOLL 1
| #define STDC_HEADERS 1
| #define HAVE_UNISTD_H 1
| #define HAVE_STDLIB_H 1
| #define HAVE_STDARG_H 1
| #define HAVE_STRING_H 1
| #define HAVE_STRINGS_H 1
| /* end confdefs.h.  */
| #include <sys/stream.h>
configure:21481: result: no
configure:21514: checking for sys/stream.h
configure:21522: result: no
configure:21405: checking sys/stropts.h usability
configure:21422: gcc -c -g -O2  conftest.c >&5
conftest.c:79:25: error: sys/stropts.h: No such file or directory
configure:21428: $? = 1
configure: failed program was:
| /* confdefs.h.  */
| #define PACKAGE_NAME "or1ksim"
| #define PACKAGE_TARNAME "or1ksim"
| #define PACKAGE_VERSION "0.3.0rc1"
| #define PACKAGE_STRING "or1ksim 0.3.0rc1"
| #define PACKAGE_BUGREPORT "openrisc@opencores.org"
| #define STDC_HEADERS 1
| #define HAVE_SYS_TYPES_H 1
| #define HAVE_SYS_STAT_H 1
| #define HAVE_STDLIB_H 1
| #define HAVE_STRING_H 1
| #define HAVE_MEMORY_H 1
| #define HAVE_STRINGS_H 1
| #define HAVE_INTTYPES_H 1
| #define HAVE_STDINT_H 1
| #define HAVE_UNISTD_H 1
| #define HAVE_DLFCN_H 1
| #define PACKAGE "or1ksim"
| #define VERSION "0.3.0rc1"
| #define OR32_TYPES 1
| #define _GNU_SOURCE 1
| #define RETSIGTYPE void
| #define HAVE_DIRENT_H 1
| #define HAVE_STRCASECMP 1
| #define HAVE_SELECT 1
| #define HAVE_SETENV 1
| #define HAVE_PUTENV 1
| #define HAVE_TCGETATTR 1
| #define HAVE_SETLOCALE 1
| #define HAVE_LSTAT 1
| #define HAVE_STRNDUP 1
| #define HAVE_GRANTPT 1
| #define HAVE_UNLOCKPT 1
| #define HAVE_PTSNAME 1
| #define HAVE_ON_EXIT 1
| #define HAVE_ISBLANK 1
| #define HAVE_BASENAME 1
| #define HAVE_STRCOLL 1
| #define STDC_HEADERS 1
| #define HAVE_UNISTD_H 1
| #define HAVE_STDLIB_H 1
| #define HAVE_STDARG_H 1
| #define HAVE_STRING_H 1
| #define HAVE_STRINGS_H 1
| /* end confdefs.h.  */
| #include <stdio.h>
| #ifdef HAVE_SYS_TYPES_H
| # include <sys/types.h>
| #endif
| #ifdef HAVE_SYS_STAT_H
| # include <sys/stat.h>
| #endif
| #ifdef STDC_HEADERS
| # include <stdlib.h>
| # include <stddef.h>
| #else
| # ifdef HAVE_STDLIB_H
| #  include <stdlib.h>
| # endif
| #endif
| #ifdef HAVE_STRING_H
| # if !defined STDC_HEADERS && defined HAVE_MEMORY_H
| #  include <memory.h>
| # endif
| # include <string.h>
| #endif
| #ifdef HAVE_STRINGS_H
| # include <strings.h>
| #endif
| #ifdef HAVE_INTTYPES_H
| # include <inttypes.h>
| #endif
| #ifdef HAVE_STDINT_H
| # include <stdint.h>
| #endif
| #ifdef HAVE_UNISTD_H
| # include <unistd.h>
| #endif
| #include <sys/stropts.h>
configure:21442: result: no
configure:21446: checking sys/stropts.h presence
configure:21461: gcc -E  conftest.c
conftest.c:46:25: error: sys/stropts.h: No such file or directory
configure:21467: $? = 1
configure: failed program was:
| /* confdefs.h.  */
| #define PACKAGE_NAME "or1ksim"
| #define PACKAGE_TARNAME "or1ksim"
| #define PACKAGE_VERSION "0.3.0rc1"
| #define PACKAGE_STRING "or1ksim 0.3.0rc1"
| #define PACKAGE_BUGREPORT "openrisc@opencores.org"
| #define STDC_HEADERS 1
| #define HAVE_SYS_TYPES_H 1
| #define HAVE_SYS_STAT_H 1
| #define HAVE_STDLIB_H 1
| #define HAVE_STRING_H 1
| #define HAVE_MEMORY_H 1
| #define HAVE_STRINGS_H 1
| #define HAVE_INTTYPES_H 1
| #define HAVE_STDINT_H 1
| #define HAVE_UNISTD_H 1
| #define HAVE_DLFCN_H 1
| #define PACKAGE "or1ksim"
| #define VERSION "0.3.0rc1"
| #define OR32_TYPES 1
| #define _GNU_SOURCE 1
| #define RETSIGTYPE void
| #define HAVE_DIRENT_H 1
| #define HAVE_STRCASECMP 1
| #define HAVE_SELECT 1
| #define HAVE_SETENV 1
| #define HAVE_PUTENV 1
| #define HAVE_TCGETATTR 1
| #define HAVE_SETLOCALE 1
| #define HAVE_LSTAT 1
| #define HAVE_STRNDUP 1
| #define HAVE_GRANTPT 1
| #define HAVE_UNLOCKPT 1
| #define HAVE_PTSNAME 1
| #define HAVE_ON_EXIT 1
| #define HAVE_ISBLANK 1
| #define HAVE_BASENAME 1
| #define HAVE_STRCOLL 1
| #define STDC_HEADERS 1
| #define HAVE_UNISTD_H 1
| #define HAVE_STDLIB_H 1
| #define HAVE_STDARG_H 1
| #define HAVE_STRING_H 1
| #define HAVE_STRINGS_H 1
| /* end confdefs.h.  */
| #include <sys/stropts.h>
configure:21481: result: no
configure:21514: checking for sys/stropts.h
configure:21522: result: no
configure:21405: checking sys/select.h usability
configure:21422: gcc -c -g -O2  conftest.c >&5
configure:21428: $? = 0
configure:21442: result: yes
configure:21446: checking sys/select.h presence
configure:21461: gcc -E  conftest.c
configure:21467: $? = 0
configure:21481: result: yes
configure:21514: checking for sys/select.h
configure:21522: result: yes
configure:21405: checking termcap.h usability
configure:21422: gcc -c -g -O2  conftest.c >&5
configure:21428: $? = 0
configure:21442: result: yes
configure:21446: checking termcap.h presence
configure:21461: gcc -E  conftest.c
configure:21467: $? = 0
configure:21481: result: yes
configure:21514: checking for termcap.h
configure:21522: result: yes
configure:21405: checking termios.h usability
configure:21422: gcc -c -g -O2  conftest.c >&5
configure:21428: $? = 0
configure:21442: result: yes
configure:21446: checking termios.h presence
configure:21461: gcc -E  conftest.c
configure:21467: $? = 0
configure:21481: result: yes
configure:21514: checking for termios.h
configure:21522: result: yes
configure:21405: checking termio.h usability
configure:21422: gcc -c -g -O2  conftest.c >&5
configure:21428: $? = 0
configure:21442: result: yes
configure:21446: checking termio.h presence
configure:21461: gcc -E  conftest.c
configure:21467: $? = 0
configure:21481: result: yes
configure:21514: checking for termio.h
configure:21522: result: yes
configure:21405: checking sys/file.h usability
configure:21422: gcc -c -g -O2  conftest.c >&5
configure:21428: $? = 0
configure:21442: result: yes
configure:21446: checking sys/file.h presence
configure:21461: gcc -E  conftest.c
configure:21467: $? = 0
configure:21481: result: yes
configure:21514: checking for sys/file.h
configure:21522: result: yes
configure:21405: checking locale.h usability
configure:21422: gcc -c -g -O2  conftest.c >&5
configure:21428: $? = 0
configure:21442: result: yes
configure:21446: checking locale.h presence
configure:21461: gcc -E  conftest.c
configure:21467: $? = 0
configure:21481: result: yes
configure:21514: checking for locale.h
configure:21522: result: yes
configure:21405: checking getopt.h usability
configure:21422: gcc -c -g -O2  conftest.c >&5
configure:21428: $? = 0
configure:21442: result: yes
configure:21446: checking getopt.h presence
configure:21461: gcc -E  conftest.c
configure:21467: $? = 0
configure:21481: result: yes
configure:21514: checking for getopt.h
configure:21522: result: yes
configure:21405: checking net/ethernet.h usability
configure:21422: gcc -c -g -O2  conftest.c >&5
configure:21428: $? = 0
configure:21442: result: yes
configure:21446: checking net/ethernet.h presence
configure:21461: gcc -E  conftest.c
configure:21467: $? = 0
configure:21481: result: yes
configure:21514: checking for net/ethernet.h
configure:21522: result: yes
configure:21405: checking sys/ethernet.h usability
configure:21422: gcc -c -g -O2  conftest.c >&5
conftest.c:87:26: error: sys/ethernet.h: No such file or directory
configure:21428: $? = 1
configure: failed program was:
| /* confdefs.h.  */
| #define PACKAGE_NAME "or1ksim"
| #define PACKAGE_TARNAME "or1ksim"
| #define PACKAGE_VERSION "0.3.0rc1"
| #define PACKAGE_STRING "or1ksim 0.3.0rc1"
| #define PACKAGE_BUGREPORT "openrisc@opencores.org"
| #define STDC_HEADERS 1
| #define HAVE_SYS_TYPES_H 1
| #define HAVE_SYS_STAT_H 1
| #define HAVE_STDLIB_H 1
| #define HAVE_STRING_H 1
| #define HAVE_MEMORY_H 1
| #define HAVE_STRINGS_H 1
| #define HAVE_INTTYPES_H 1
| #define HAVE_STDINT_H 1
| #define HAVE_UNISTD_H 1
| #define HAVE_DLFCN_H 1
| #define PACKAGE "or1ksim"
| #define VERSION "0.3.0rc1"
| #define OR32_TYPES 1
| #define _GNU_SOURCE 1
| #define RETSIGTYPE void
| #define HAVE_DIRENT_H 1
| #define HAVE_STRCASECMP 1
| #define HAVE_SELECT 1
| #define HAVE_SETENV 1
| #define HAVE_PUTENV 1
| #define HAVE_TCGETATTR 1
| #define HAVE_SETLOCALE 1
| #define HAVE_LSTAT 1
| #define HAVE_STRNDUP 1
| #define HAVE_GRANTPT 1
| #define HAVE_UNLOCKPT 1
| #define HAVE_PTSNAME 1
| #define HAVE_ON_EXIT 1
| #define HAVE_ISBLANK 1
| #define HAVE_BASENAME 1
| #define HAVE_STRCOLL 1
| #define STDC_HEADERS 1
| #define HAVE_UNISTD_H 1
| #define HAVE_STDLIB_H 1
| #define HAVE_STDARG_H 1
| #define HAVE_STRING_H 1
| #define HAVE_STRINGS_H 1
| #define HAVE_SYS_SELECT_H 1
| #define HAVE_TERMCAP_H 1
| #define HAVE_TERMIOS_H 1
| #define HAVE_TERMIO_H 1
| #define HAVE_SYS_FILE_H 1
| #define HAVE_LOCALE_H 1
| #define HAVE_GETOPT_H 1
| #define HAVE_NET_ETHERNET_H 1
| /* end confdefs.h.  */
| #include <stdio.h>
| #ifdef HAVE_SYS_TYPES_H
| # include <sys/types.h>
| #endif
| #ifdef HAVE_SYS_STAT_H
| # include <sys/stat.h>
| #endif
| #ifdef STDC_HEADERS
| # include <stdlib.h>
| # include <stddef.h>
| #else
| # ifdef HAVE_STDLIB_H
| #  include <stdlib.h>
| # endif
| #endif
| #ifdef HAVE_STRING_H
| # if !defined STDC_HEADERS && defined HAVE_MEMORY_H
| #  include <memory.h>
| # endif
| # include <string.h>
| #endif
| #ifdef HAVE_STRINGS_H
| # include <strings.h>
| #endif
| #ifdef HAVE_INTTYPES_H
| # include <inttypes.h>
| #endif
| #ifdef HAVE_STDINT_H
| # include <stdint.h>
| #endif
| #ifdef HAVE_UNISTD_H
| # include <unistd.h>
| #endif
| #include <sys/ethernet.h>
configure:21442: result: no
configure:21446: checking sys/ethernet.h presence
configure:21461: gcc -E  conftest.c
conftest.c:54:26: error: sys/ethernet.h: No such file or directory
configure:21467: $? = 1
configure: failed program was:
| /* confdefs.h.  */
| #define PACKAGE_NAME "or1ksim"
| #define PACKAGE_TARNAME "or1ksim"
| #define PACKAGE_VERSION "0.3.0rc1"
| #define PACKAGE_STRING "or1ksim 0.3.0rc1"
| #define PACKAGE_BUGREPORT "openrisc@opencores.org"
| #define STDC_HEADERS 1
| #define HAVE_SYS_TYPES_H 1
| #define HAVE_SYS_STAT_H 1
| #define HAVE_STDLIB_H 1
| #define HAVE_STRING_H 1
| #define HAVE_MEMORY_H 1
| #define HAVE_STRINGS_H 1
| #define HAVE_INTTYPES_H 1
| #define HAVE_STDINT_H 1
| #define HAVE_UNISTD_H 1
| #define HAVE_DLFCN_H 1
| #define PACKAGE "or1ksim"
| #define VERSION "0.3.0rc1"
| #define OR32_TYPES 1
| #define _GNU_SOURCE 1
| #define RETSIGTYPE void
| #define HAVE_DIRENT_H 1
| #define HAVE_STRCASECMP 1
| #define HAVE_SELECT 1
| #define HAVE_SETENV 1
| #define HAVE_PUTENV 1
| #define HAVE_TCGETATTR 1
| #define HAVE_SETLOCALE 1
| #define HAVE_LSTAT 1
| #define HAVE_STRNDUP 1
| #define HAVE_GRANTPT 1
| #define HAVE_UNLOCKPT 1
| #define HAVE_PTSNAME 1
| #define HAVE_ON_EXIT 1
| #define HAVE_ISBLANK 1
| #define HAVE_BASENAME 1
| #define HAVE_STRCOLL 1
| #define STDC_HEADERS 1
| #define HAVE_UNISTD_H 1
| #define HAVE_STDLIB_H 1
| #define HAVE_STDARG_H 1
| #define HAVE_STRING_H 1
| #define HAVE_STRINGS_H 1
| #define HAVE_SYS_SELECT_H 1
| #define HAVE_TERMCAP_H 1
| #define HAVE_TERMIOS_H 1
| #define HAVE_TERMIO_H 1
| #define HAVE_SYS_FILE_H 1
| #define HAVE_LOCALE_H 1
| #define HAVE_GETOPT_H 1
| #define HAVE_NET_ETHERNET_H 1
| /* end confdefs.h.  */
| #include <sys/ethernet.h>
configure:21481: result: no
configure:21514: checking for sys/ethernet.h
configure:21522: result: no
configure:21405: checking malloc.h usability
configure:21422: gcc -c -g -O2  conftest.c >&5
configure:21428: $? = 0
configure:21442: result: yes
configure:21446: checking malloc.h presence
configure:21461: gcc -E  conftest.c
configure:21467: $? = 0
configure:21481: result: yes
configure:21514: checking for malloc.h
configure:21522: result: yes
configure:21395: checking for inttypes.h
configure:21401: result: yes
configure:21405: checking libintl.h usability
configure:21422: gcc -c -g -O2  conftest.c >&5
configure:21428: $? = 0
configure:21442: result: yes
configure:21446: checking libintl.h presence
configure:21461: gcc -E  conftest.c
configure:21467: $? = 0
configure:21481: result: yes
configure:21514: checking for libintl.h
configure:21522: result: yes
configure:21535: checking whether byte ordering is bigendian
configure:21568: gcc -c -g -O2  conftest.c >&5
configure:21574: $? = 0
configure:21606: gcc -c -g -O2  conftest.c >&5
conftest.c: In function 'main':
conftest.c:64: error: 'not' undeclared (first use in this function)
conftest.c:64: error: (Each undeclared identifier is reported only once
conftest.c:64: error: for each function it appears in.)
conftest.c:64: error: expected ';' before 'big'
configure:21612: $? = 1
configure: failed program was:
| /* confdefs.h.  */
| #define PACKAGE_NAME "or1ksim"
| #define PACKAGE_TARNAME "or1ksim"
| #define PACKAGE_VERSION "0.3.0rc1"
| #define PACKAGE_STRING "or1ksim 0.3.0rc1"
| #define PACKAGE_BUGREPORT "openrisc@opencores.org"
| #define STDC_HEADERS 1
| #define HAVE_SYS_TYPES_H 1
| #define HAVE_SYS_STAT_H 1
| #define HAVE_STDLIB_H 1
| #define HAVE_STRING_H 1
| #define HAVE_MEMORY_H 1
| #define HAVE_STRINGS_H 1
| #define HAVE_INTTYPES_H 1
| #define HAVE_STDINT_H 1
| #define HAVE_UNISTD_H 1
| #define HAVE_DLFCN_H 1
| #define PACKAGE "or1ksim"
| #define VERSION "0.3.0rc1"
| #define OR32_TYPES 1
| #define _GNU_SOURCE 1
| #define RETSIGTYPE void
| #define HAVE_DIRENT_H 1
| #define HAVE_STRCASECMP 1
| #define HAVE_SELECT 1
| #define HAVE_SETENV 1
| #define HAVE_PUTENV 1
| #define HAVE_TCGETATTR 1
| #define HAVE_SETLOCALE 1
| #define HAVE_LSTAT 1
| #define HAVE_STRNDUP 1
| #define HAVE_GRANTPT 1
| #define HAVE_UNLOCKPT 1
| #define HAVE_PTSNAME 1
| #define HAVE_ON_EXIT 1
| #define HAVE_ISBLANK 1
| #define HAVE_BASENAME 1
| #define HAVE_STRCOLL 1
| #define STDC_HEADERS 1
| #define HAVE_UNISTD_H 1
| #define HAVE_STDLIB_H 1
| #define HAVE_STDARG_H 1
| #define HAVE_STRING_H 1
| #define HAVE_STRINGS_H 1
| #define HAVE_SYS_SELECT_H 1
| #define HAVE_TERMCAP_H 1
| #define HAVE_TERMIOS_H 1
| #define HAVE_TERMIO_H 1
| #define HAVE_SYS_FILE_H 1
| #define HAVE_LOCALE_H 1
| #define HAVE_GETOPT_H 1
| #define HAVE_NET_ETHERNET_H 1
| #define HAVE_MALLOC_H 1
| #define HAVE_INTTYPES_H 1
| #define HAVE_LIBINTL_H 1
| /* end confdefs.h.  */
| #include <sys/types.h>
| #include <sys/param.h>
| 
| int
| main ()
| {
| #if BYTE_ORDER != BIG_ENDIAN
|  not big endian
| #endif
| 
|   ;
|   return 0;
| }
configure:21752: result: no
configure:21773: checking for an ANSI C-conforming const
configure:21848: gcc -c -g -O2  conftest.c >&5
configure:21854: $? = 0
configure:21869: result: yes
configure:21879: checking for size_t
configure:21909: gcc -c -g -O2  conftest.c >&5
configure:21915: $? = 0
configure:21930: result: yes
configure:21942: checking whether struct tm is in sys/time.h or time.h
configure:21972: gcc -c -g -O2  conftest.c >&5
configure:21978: $? = 0
configure:21993: result: time.h
configure:22010: checking for stdlib.h
configure:22016: result: yes
configure:22150: checking for GNU libc compatible malloc
configure:22184: gcc -o conftest -g -O2   conftest.c  >&5
configure:22187: $? = 0
configure:22193: ./conftest
configure:22196: $? = 0
configure:22212: result: yes
configure:22244: checking for strftime
configure:22300: gcc -o conftest -g -O2   conftest.c  >&5
conftest.c:82: warning: conflicting types for built-in function 'strftime'
configure:22306: $? = 0
configure:22324: result: yes
configure:22405: checking for working strtod
configure:22456: gcc -o conftest -g -O2   conftest.c  >&5
configure:22459: $? = 0
configure:22465: ./conftest
configure:22468: $? = 0
configure:22484: result: yes
configure:22656: checking for bzero
configure:22712: gcc -o conftest -g -O2   conftest.c  >&5
conftest.c:83: warning: conflicting types for built-in function 'bzero'
configure:22718: $? = 0
configure:22736: result: yes
configure:22656: checking for strchr
configure:22712: gcc -o conftest -g -O2   conftest.c  >&5
conftest.c:84: warning: conflicting types for built-in function 'strchr'
configure:22718: $? = 0
configure:22736: result: yes
configure:22656: checking for strcspn
configure:22712: gcc -o conftest -g -O2   conftest.c  >&5
conftest.c:85: warning: conflicting types for built-in function 'strcspn'
configure:22718: $? = 0
configure:22736: result: yes
configure:22656: checking for strrchr
configure:22712: gcc -o conftest -g -O2   conftest.c  >&5
conftest.c:86: warning: conflicting types for built-in function 'strrchr'
configure:22718: $? = 0
configure:22736: result: yes
configure:22656: checking for strtol
configure:22712: gcc -o conftest -g -O2   conftest.c  >&5
configure:22718: $? = 0
configure:22736: result: yes
configure:22746: checking for getopt_long
configure:22802: gcc -o conftest -g -O2   conftest.c  >&5
configure:22808: $? = 0
configure:22825: result: yes
configure:22833: checking for regcomp
configure:22889: gcc -o conftest -g -O2   conftest.c  >&5
configure:22895: $? = 0
configure:22912: result: yes
configure:22920: checking for strptime
configure:22976: gcc -o conftest -g -O2   conftest.c  >&5
configure:22982: $? = 0
configure:22999: result: yes
configure:23056: gcc -c -g -O2  conftest.c >&5
configure:23062: $? = 0
configure:23082: checking for uint8_t
configure:23113: gcc -c -g -O2  conftest.c >&5
configure:23119: $? = 0
configure:23134: result: yes
configure:23144: checking for uint16_t
configure:23175: gcc -c -g -O2  conftest.c >&5
configure:23181: $? = 0
configure:23196: result: yes
configure:23206: checking for uint32_t
configure:23237: gcc -c -g -O2  conftest.c >&5
configure:23243: $? = 0
configure:23258: result: yes
configure:23269: checking for int8_t
configure:23300: gcc -c -g -O2  conftest.c >&5
configure:23306: $? = 0
configure:23321: result: yes
configure:23331: checking for int16_t
configure:23362: gcc -c -g -O2  conftest.c >&5
configure:23368: $? = 0
configure:23383: result: yes
configure:23393: checking for int32_t
configure:23424: gcc -c -g -O2  conftest.c >&5
configure:23430: $? = 0
configure:23445: result: yes
configure:23457: checking for char
configure:23487: gcc -c -g -O2  conftest.c >&5
configure:23493: $? = 0
configure:23508: result: yes
configure:23515: checking size of char
configure:23817: gcc -o conftest -g -O2   conftest.c  >&5
configure:23820: $? = 0
configure:23826: ./conftest
configure:23829: $? = 0
configure:23852: result: 1
configure:23862: checking for short
configure:23892: gcc -c -g -O2  conftest.c >&5
configure:23898: $? = 0
configure:23913: result: yes
configure:23920: checking size of short
configure:24222: gcc -o conftest -g -O2   conftest.c  >&5
configure:24225: $? = 0
configure:24231: ./conftest
configure:24234: $? = 0
configure:24257: result: 2
configure:24267: checking for int
configure:24297: gcc -c -g -O2  conftest.c >&5
configure:24303: $? = 0
configure:24318: result: yes
configure:24325: checking size of int
configure:24627: gcc -o conftest -g -O2   conftest.c  >&5
configure:24630: $? = 0
configure:24636: ./conftest
configure:24639: $? = 0
configure:24662: result: 4
configure:24672: checking for long
configure:24702: gcc -c -g -O2  conftest.c >&5
configure:24708: $? = 0
configure:24723: result: yes
configure:24730: checking size of long
configure:25032: gcc -o conftest -g -O2   conftest.c  >&5
configure:25035: $? = 0
configure:25041: ./conftest
configure:25044: $? = 0
configure:25067: result: 4
configure:25080: checking for add_history in -lreadline
configure:25115: gcc -o conftest -g -O2   conftest.c -lreadline   >&5
configure:25121: $? = 0
configure:25139: result: yes
configure:25170: checking whether to enable profiling
configure:25181: result: no
configure:25187: checking which execution style to use
configure:25220: result: complex
configure:25227: checking whether to enable ethernet phy emulation
configure:25239: result: no
configure:25244: checking whether to use raw range stats
configure:25256: result: no
configure:25260: checking whether instructions set overflow flag
configure:25272: result: no
configure:25276: checking whether arithmethic instructions set flag
configure:25288: result: no
configure:25568: creating ./config.status

## ---------------- ##
## Cache variables. ##
## ---------------- ##

ac_cv_build=i686-pc-linux-gnu
ac_cv_c_bigendian=no
ac_cv_c_compiler_gnu=yes
ac_cv_c_const=yes
ac_cv_cxx_compiler_gnu=yes
ac_cv_env_CCC_set=
ac_cv_env_CCC_value=
ac_cv_env_CC_set=
ac_cv_env_CC_value=
ac_cv_env_CFLAGS_set=
ac_cv_env_CFLAGS_value=
ac_cv_env_CPPFLAGS_set=
ac_cv_env_CPPFLAGS_value=
ac_cv_env_CPP_set=
ac_cv_env_CPP_value=
ac_cv_env_CXXCPP_set=
ac_cv_env_CXXCPP_value=
ac_cv_env_CXXFLAGS_set=
ac_cv_env_CXXFLAGS_value=
ac_cv_env_CXX_set=
ac_cv_env_CXX_value=
ac_cv_env_F77_set=
ac_cv_env_F77_value=
ac_cv_env_FFLAGS_set=
ac_cv_env_FFLAGS_value=
ac_cv_env_LDFLAGS_set=
ac_cv_env_LDFLAGS_value=
ac_cv_env_LIBS_set=
ac_cv_env_LIBS_value=
ac_cv_env_build_alias_set=
ac_cv_env_build_alias_value=
ac_cv_env_host_alias_set=
ac_cv_env_host_alias_value=
ac_cv_env_target_alias_set=set
ac_cv_env_target_alias_value=or32-uclinux
ac_cv_f77_compiler_gnu=yes
ac_cv_func_basename=yes
ac_cv_func_bzero=yes
ac_cv_func_getopt_long=yes
ac_cv_func_grantpt=yes
ac_cv_func_isblank=yes
ac_cv_func_lstat=yes
ac_cv_func_malloc_0_nonnull=yes
ac_cv_func_on_exit=yes
ac_cv_func_ptsname=yes
ac_cv_func_putenv=yes
ac_cv_func_regcomp=yes
ac_cv_func_select=yes
ac_cv_func_setenv=yes
ac_cv_func_setlocale=yes
ac_cv_func_strcasecmp=yes
ac_cv_func_strchr=yes
ac_cv_func_strcoll_works=yes
ac_cv_func_strcspn=yes
ac_cv_func_strftime=yes
ac_cv_func_strndup=yes
ac_cv_func_strptime=yes
ac_cv_func_strrchr=yes
ac_cv_func_strtod=yes
ac_cv_func_strtol=yes
ac_cv_func_tcgetattr=yes
ac_cv_func_unlockpt=yes
ac_cv_header_dirent_dirent_h=yes
ac_cv_header_dlfcn_h=yes
ac_cv_header_getopt_h=yes
ac_cv_header_inttypes_h=yes
ac_cv_header_libintl_h=yes
ac_cv_header_locale_h=yes
ac_cv_header_malloc_h=yes
ac_cv_header_memory_h=yes
ac_cv_header_net_ethernet_h=yes
ac_cv_header_stat_broken=no
ac_cv_header_stdarg_h=yes
ac_cv_header_stdc=yes
ac_cv_header_stdint_h=yes
ac_cv_header_stdlib_h=yes
ac_cv_header_string_h=yes
ac_cv_header_strings_h=yes
ac_cv_header_sys_ethernet_h=no
ac_cv_header_sys_file_h=yes
ac_cv_header_sys_pte_h=no
ac_cv_header_sys_ptem_h=no
ac_cv_header_sys_select_h=yes
ac_cv_header_sys_stat_h=yes
ac_cv_header_sys_stream_h=no
ac_cv_header_sys_stropts_h=no
ac_cv_header_sys_types_h=yes
ac_cv_header_termcap_h=yes
ac_cv_header_termio_h=yes
ac_cv_header_termios_h=yes
ac_cv_header_unistd_h=yes
ac_cv_header_varargs_h=no
ac_cv_host=i686-pc-linux-gnu
ac_cv_lib_readline_add_history=yes
ac_cv_objext=o
ac_cv_path_EGREP='/bin/grep -E'
ac_cv_path_GREP=/bin/grep
ac_cv_path_install='/usr/bin/install -c'
ac_cv_path_mkdir=/bin/mkdir
ac_cv_prog_AR=ar
ac_cv_prog_AWK=gawk
ac_cv_prog_CPP='gcc -E'
ac_cv_prog_CXXCPP='g++ -E'
ac_cv_prog_ac_ct_AR=ar
ac_cv_prog_ac_ct_CC=gcc
ac_cv_prog_ac_ct_CXX=g++
ac_cv_prog_ac_ct_F77=gfortran
ac_cv_prog_ac_ct_RANLIB=ranlib
ac_cv_prog_ac_ct_STRIP=strip
ac_cv_prog_cc_c89=
ac_cv_prog_cc_g=yes
ac_cv_prog_cc_gcc_c_o=yes
ac_cv_prog_cxx_g=yes
ac_cv_prog_f77_g=yes
ac_cv_prog_gcc_traditional=no
ac_cv_prog_make_make_set=yes
ac_cv_search_opendir='none required'
ac_cv_sizeof_char=1
ac_cv_sizeof_int=4
ac_cv_sizeof_long=4
ac_cv_sizeof_short=2
ac_cv_struct_tm=time.h
ac_cv_target=or32-unknown-uclinux
ac_cv_type_char=yes
ac_cv_type_int16_t=yes
ac_cv_type_int32_t=yes
ac_cv_type_int8_t=yes
ac_cv_type_int=yes
ac_cv_type_long=yes
ac_cv_type_short=yes
ac_cv_type_signal=void
ac_cv_type_size_t=yes
ac_cv_type_uint16_t=yes
ac_cv_type_uint32_t=yes
ac_cv_type_uint8_t=yes
am_cv_CC_dependencies_compiler_type=gcc3
am_cv_CXX_dependencies_compiler_type=gcc3
lt_cv_deplibs_check_method=pass_all
lt_cv_file_magic_cmd='$MAGIC_CMD'
lt_cv_file_magic_test_file=
lt_cv_ld_reload_flag=-r
lt_cv_objdir=.libs
lt_cv_path_LD=/usr/bin/ld
lt_cv_path_LDCXX=/usr/bin/ld
lt_cv_path_NM='/usr/bin/nm -B'
lt_cv_path_SED=/bin/sed
lt_cv_prog_compiler_c_o=yes
lt_cv_prog_compiler_c_o_CXX=yes
lt_cv_prog_compiler_c_o_F77=yes
lt_cv_prog_compiler_rtti_exceptions=no
lt_cv_prog_gnu_ld=yes
lt_cv_prog_gnu_ldcxx=yes
lt_cv_sys_global_symbol_pipe='sed -n -e '\''s/^.*[ 	]\([ABCDGIRSTW][ABCDGIRSTW]*\)[ 	][ 	]*\([_A-Za-z][_A-Za-z0-9]*\)$/\1 \2 \2/p'\'''
lt_cv_sys_global_symbol_to_c_name_address='sed -n -e '\''s/^: \([^ ]*\) $/  {\"\1\", (lt_ptr) 0},/p'\'' -e '\''s/^[BCDEGRST] \([^ ]*\) \([^ ]*\)$/  {"\2", (lt_ptr) \&\2},/p'\'''
lt_cv_sys_global_symbol_to_cdecl='sed -n -e '\''s/^. .* \(.*\)$/extern int \1;/p'\'''
lt_cv_sys_max_cmd_len=1966080
lt_lt_cv_prog_compiler_c_o='"yes"'
lt_lt_cv_prog_compiler_c_o_CXX='"yes"'
lt_lt_cv_prog_compiler_c_o_F77='"yes"'
lt_lt_cv_sys_global_symbol_pipe='"sed -n -e '\''s/^.*[ 	]\\([ABCDGIRSTW][ABCDGIRSTW]*\\)[ 	][ 	]*\\([_A-Za-z][_A-Za-z0-9]*\\)\$/\\1 \\2 \\2/p'\''"'
lt_lt_cv_sys_global_symbol_to_c_name_address='"sed -n -e '\''s/^: \\([^ ]*\\) \$/  {\\\"\\1\\\", (lt_ptr) 0},/p'\'' -e '\''s/^[BCDEGRST] \\([^ ]*\\) \\([^ ]*\\)\$/  {\"\\2\", (lt_ptr) \\&\\2},/p'\''"'
lt_lt_cv_sys_global_symbol_to_cdecl='"sed -n -e '\''s/^. .* \\(.*\\)\$/extern int \\1;/p'\''"'

## ----------------- ##
## Output variables. ##
## ----------------- ##

ACLOCAL='${SHELL} /home/jeremy/partners/OpenCores/cvstrees/or1k/or1ksim/missing --run aclocal-1.10'
AMDEPBACKSLASH='\'
AMDEP_FALSE='#'
AMDEP_TRUE=''
AMTAR='${SHELL} /home/jeremy/partners/OpenCores/cvstrees/or1k/or1ksim/missing --run tar'
AR='ar'
ARFLAGS='cr'
AUTOCONF='${SHELL} /home/jeremy/partners/OpenCores/cvstrees/or1k/or1ksim/missing --run autoconf'
AUTOHEADER='${SHELL} /home/jeremy/partners/OpenCores/cvstrees/or1k/or1ksim/missing --run autoheader'
AUTOMAKE='${SHELL} /home/jeremy/partners/OpenCores/cvstrees/or1k/or1ksim/missing --run automake-1.10'
AWK='gawk'
BUILD_DIR='/home/jeremy/partners/OpenCores/cvstrees/or1k/or1ksim/build'
CC='gcc'
CCDEPMODE='depmode=gcc3'
CFLAGS='-g -O2'
CPP='gcc -E'
CPPFLAGS=''
CPU_ARCH='or32'
CXX='g++'
CXXCPP='g++ -E'
CXXDEPMODE='depmode=gcc3'
CXXFLAGS='-g -O2'
CYGPATH_W='echo'
DEBUGFLAGS='-DNDEBUG'
DEFS='-DHAVE_CONFIG_H'
DEPDIR='.deps'
DYNAMIC_EXECUTION_FALSE=''
DYNAMIC_EXECUTION_TRUE='#'
ECHO='echo'
ECHO_C=''
ECHO_N='-n'
ECHO_T=''
EGREP='/bin/grep -E'
EXEEXT=''
F77='gfortran'
FFLAGS='-g -O2'
GENERATE_NEEDED_FALSE='#'
GENERATE_NEEDED_TRUE=''
GREP='/bin/grep'
INCLUDES='-I${top_builddir}/cpu/or32 -I${top_srcdir} -I${top_srcdir}/cpu/common -I${top_srcdir}/cpu/or1k -I${top_srcdir}/cache -I${top_srcdir}/mmu -I${top_srcdir}/bpb -I${top_srcdir}/peripheral -I${top_srcdir}/tick -I${top_srcdir}/peripheral/channels -I${top_srcdir}/pm -I${top_srcdir}/pic -I${top_srcdir}/debug -I${top_srcdir}/vapi -I${top_srcdir}/support -I${top_srcdir}/cuc -I${top_srcdir}/port -I${top_srcdir}/argtable2'
INSTALL_DATA='${INSTALL} -m 644'
INSTALL_PROGRAM='${INSTALL}'
INSTALL_SCRIPT='${INSTALL}'
INSTALL_STRIP_PROGRAM='$(install_sh) -c -s'
LDFLAGS=''
LIBOBJS=''
LIBS='-lreadline '
LIBTOOL='$(SHELL) $(top_builddir)/libtool'
LN_S='ln -s'
LOCAL_CFLAGS=''
LOCAL_DEFS=''
LOCAL_LDFLAGS=''
LTLIBOBJS=''
MAKEINFO='${SHELL} /home/jeremy/partners/OpenCores/cvstrees/or1k/or1ksim/missing --run makeinfo'
MAKE_SHELL='/bin/sh'
OBJEXT='o'
PACKAGE='or1ksim'
PACKAGE_BUGREPORT='openrisc@opencores.org'
PACKAGE_NAME='or1ksim'
PACKAGE_STRING='or1ksim 0.3.0rc1'
PACKAGE_TARNAME='or1ksim'
PACKAGE_VERSION='0.3.0rc1'
PATH_SEPARATOR=':'
POW_LIB=''
RANLIB='ranlib'
SED='/bin/sed'
SET_MAKE=''
SHELL='/bin/sh'
STRIP='strip'
SUMVERSION=''
TERMCAP_LIB=''
USE_ARGDATE_FALSE='#'
USE_ARGDATE_TRUE=''
USE_ARGREX_FALSE='#'
USE_ARGREX_TRUE=''
USE_SYS_GETOPTLONG_FALSE='#'
USE_SYS_GETOPTLONG_TRUE=''
VERSION='0.3.0rc1'
ac_ct_CC='gcc'
ac_ct_CXX='g++'
ac_ct_F77='gfortran'
am__fastdepCC_FALSE='#'
am__fastdepCC_TRUE=''
am__fastdepCXX_FALSE='#'
am__fastdepCXX_TRUE=''
am__include='include'
am__isrc=' -I$(srcdir)'
am__leading_dot='.'
am__quote=''
am__tar='${AMTAR} chof - "$$tardir"'
am__untar='${AMTAR} xf -'
bindir='${exec_prefix}/bin'
build='i686-pc-linux-gnu'
build_alias=''
build_cpu='i686'
build_os='linux-gnu'
build_vendor='pc'
datadir='${datarootdir}'
datarootdir='${prefix}/share'
docdir='${datarootdir}/doc/${PACKAGE_TARNAME}'
dvidir='${docdir}'
exec_prefix='${prefix}'
host='i686-pc-linux-gnu'
host_alias=''
host_cpu='i686'
host_os='linux-gnu'
host_vendor='pc'
htmldir='${docdir}'
includedir='${prefix}/include'
infodir='${datarootdir}/info'
install_sh='$(SHELL) /home/jeremy/partners/OpenCores/cvstrees/or1k/or1ksim/install-sh'
libdir='${exec_prefix}/lib'
libexecdir='${exec_prefix}/libexec'
localedir='${datarootdir}/locale'
localstatedir='${prefix}/var'
mandir='${datarootdir}/man'
mkdir_p='/bin/mkdir -p'
oldincludedir='/usr/include'
pdfdir='${docdir}'
prefix='/opt/or1ksim'
program_transform_name='s&^&or32-uclinux-&'
psdir='${docdir}'
sbindir='${exec_prefix}/sbin'
sharedstatedir='${prefix}/com'
sysconfdir='${prefix}/etc'
target='or32-unknown-uclinux'
target_alias='or32-uclinux'
target_cpu='or32'
target_os='uclinux'
target_vendor='unknown'

## ----------- ##
## confdefs.h. ##
## ----------- ##

#define PACKAGE_NAME "or1ksim"
#define PACKAGE_TARNAME "or1ksim"
#define PACKAGE_VERSION "0.3.0rc1"
#define PACKAGE_STRING "or1ksim 0.3.0rc1"
#define PACKAGE_BUGREPORT "openrisc@opencores.org"
#define STDC_HEADERS 1
#define HAVE_SYS_TYPES_H 1
#define HAVE_SYS_STAT_H 1
#define HAVE_STDLIB_H 1
#define HAVE_STRING_H 1
#define HAVE_MEMORY_H 1
#define HAVE_STRINGS_H 1
#define HAVE_INTTYPES_H 1
#define HAVE_STDINT_H 1
#define HAVE_UNISTD_H 1
#define HAVE_DLFCN_H 1
#define PACKAGE "or1ksim"
#define VERSION "0.3.0rc1"
#define OR32_TYPES 1
#define _GNU_SOURCE 1
#define RETSIGTYPE void
#define HAVE_DIRENT_H 1
#define HAVE_STRCASECMP 1
#define HAVE_SELECT 1
#define HAVE_SETENV 1
#define HAVE_PUTENV 1
#define HAVE_TCGETATTR 1
#define HAVE_SETLOCALE 1
#define HAVE_LSTAT 1
#define HAVE_STRNDUP 1
#define HAVE_GRANTPT 1
#define HAVE_UNLOCKPT 1
#define HAVE_PTSNAME 1
#define HAVE_ON_EXIT 1
#define HAVE_ISBLANK 1
#define HAVE_BASENAME 1
#define HAVE_STRCOLL 1
#define STDC_HEADERS 1
#define HAVE_UNISTD_H 1
#define HAVE_STDLIB_H 1
#define HAVE_STDARG_H 1
#define HAVE_STRING_H 1
#define HAVE_STRINGS_H 1
#define HAVE_SYS_SELECT_H 1
#define HAVE_TERMCAP_H 1
#define HAVE_TERMIOS_H 1
#define HAVE_TERMIO_H 1
#define HAVE_SYS_FILE_H 1
#define HAVE_LOCALE_H 1
#define HAVE_GETOPT_H 1
#define HAVE_NET_ETHERNET_H 1
#define HAVE_MALLOC_H 1
#define HAVE_INTTYPES_H 1
#define HAVE_LIBINTL_H 1
#define HAVE_STDLIB_H 1
#define HAVE_MALLOC 1
#define HAVE_STRFTIME 1
#define HAVE_BZERO 1
#define HAVE_STRCHR 1
#define HAVE_STRCSPN 1
#define HAVE_STRRCHR 1
#define HAVE_STRTOL 1
#define CC_HAS_LONG_LONG 1
#define HAVE_UINT8_T 1
#define HAVE_UINT16_T 1
#define HAVE_UINT32_T 1
#define HAVE_INT8_T 1
#define HAVE_INT16_T 1
#define HAVE_INT32_T 1
#define SIZEOF_CHAR 1
#define SIZEOF_SHORT 2
#define SIZEOF_INT 4
#define SIZEOF_LONG 4
#define HAVE_LIBREADLINE 1
#define RAW_RANGE_STATS 0
#define SET_OV_FLAG 0
#define ARITH_SET_FLAG 0
#define HAVE_ETH_PHY 0
#define SIMPLE_EXECUTION 1 == 0
#define COMPLEX_EXECUTION 1 == 1
#define DYNAMIC_EXECUTION 1 == 2
#define HAVE_EXECUTION 1

configure: exit 0

## ---------------------- ##
## Running config.status. ##
## ---------------------- ##

This file was extended by or1ksim config.status 0.3.0rc1, which was
generated by GNU Autoconf 2.61.  Invocation command line was

  CONFIG_FILES    = 
  CONFIG_HEADERS  = 
  CONFIG_LINKS    = 
  CONFIG_COMMANDS = 
  $ ./config.status 

on thomas

config.status:708: creating Makefile
config.status:708: creating argtable2/Makefile
config.status:708: creating bpb/Makefile
config.status:708: creating cache/Makefile
config.status:708: creating cpu/Makefile
config.status:708: creating cpu/common/Makefile
config.status:708: creating cpu/or1k/Makefile
config.status:708: creating cuc/Makefile
config.status:708: creating debug/Makefile
config.status:708: creating doc/Makefile
config.status:708: creating support/Makefile
config.status:708: creating mmu/Makefile
config.status:708: creating peripheral/Makefile
config.status:708: creating tick/Makefile
config.status:708: creating peripheral/channels/Makefile
config.status:708: creating pm/Makefile
config.status:708: creating pic/Makefile
config.status:708: creating vapi/Makefile
config.status:708: creating port/Makefile
config.status:708: creating cpu/or32/Makefile
config.status:708: creating config.h
config.status:1000: config.h is unchanged
config.status:1047: executing depfiles commands
